{"numFailedTestSuites":8,"numFailedTests":26,"numPassedTestSuites":2,"numPassedTests":6,"numPendingTestSuites":0,"numPendingTests":0,"numRuntimeErrorTestSuites":0,"numTodoTests":0,"numTotalTestSuites":10,"numTotalTests":32,"openHandles":[],"snapshot":{"added":0,"didUpdate":false,"failure":false,"filesAdded":0,"filesRemoved":0,"filesRemovedList":[],"filesUnmatched":0,"filesUpdated":0,"matched":0,"total":0,"unchecked":0,"uncheckedKeysByFile":[],"unmatched":0,"updated":0},"startTime":1725056055127,"success":false,"testResults":[{"assertionResults":[{"ancestorTitles":["parseJsonLine"],"duration":2,"failureDetails":[{}],"failureMessages":["TypeError: EntrySchema.parse.mockReturnValue is not a function\n    at Object.<anonymous> (/Users/elihanover/Documents/dev/001-llama-listener/openai-finetune/app/dataset/info/parseJsonLine.test.js:17:23)\n    at Promise.then.completed (/Users/elihanover/Documents/dev/001-llama-listener/openai-finetune/node_modules/jest-circus/build/utils.js:298:28)\n    at new Promise (<anonymous>)\n    at callAsyncCircusFn (/Users/elihanover/Documents/dev/001-llama-listener/openai-finetune/node_modules/jest-circus/build/utils.js:231:10)\n    at _callCircusTest (/Users/elihanover/Documents/dev/001-llama-listener/openai-finetune/node_modules/jest-circus/build/run.js:316:40)\n    at processTicksAndRejections (node:internal/process/task_queues:95:5)\n    at _runTest (/Users/elihanover/Documents/dev/001-llama-listener/openai-finetune/node_modules/jest-circus/build/run.js:252:3)\n    at _runTestsForDescribeBlock (/Users/elihanover/Documents/dev/001-llama-listener/openai-finetune/node_modules/jest-circus/build/run.js:126:9)\n    at _runTestsForDescribeBlock (/Users/elihanover/Documents/dev/001-llama-listener/openai-finetune/node_modules/jest-circus/build/run.js:121:9)\n    at run (/Users/elihanover/Documents/dev/001-llama-listener/openai-finetune/node_modules/jest-circus/build/run.js:71:3)\n    at runAndTransformResultsToJestFormat (/Users/elihanover/Documents/dev/001-llama-listener/openai-finetune/node_modules/jest-circus/build/legacy-code-todo-rewrite/jestAdapterInit.js:122:21)\n    at jestAdapter (/Users/elihanover/Documents/dev/001-llama-listener/openai-finetune/node_modules/jest-circus/build/legacy-code-todo-rewrite/jestAdapter.js:79:19)\n    at runTestInternal (/Users/elihanover/Documents/dev/001-llama-listener/openai-finetune/node_modules/jest-runner/build/runTest.js:367:16)\n    at runTest (/Users/elihanover/Documents/dev/001-llama-listener/openai-finetune/node_modules/jest-runner/build/runTest.js:444:34)\n    at Object.worker (/Users/elihanover/Documents/dev/001-llama-listener/openai-finetune/node_modules/jest-runner/build/testWorker.js:106:12)"],"fullName":"parseJsonLine parses valid JSON line correctly","invocations":1,"location":null,"numPassingAsserts":0,"retryReasons":[],"status":"failed","title":"parses valid JSON line correctly"},{"ancestorTitles":["parseJsonLine"],"duration":0,"failureDetails":[{}],"failureMessages":["TypeError: EntrySchema.parse.mockImplementation is not a function\n    at Object.<anonymous> (/Users/elihanover/Documents/dev/001-llama-listener/openai-finetune/app/dataset/info/parseJsonLine.test.js:26:23)\n    at Promise.then.completed (/Users/elihanover/Documents/dev/001-llama-listener/openai-finetune/node_modules/jest-circus/build/utils.js:298:28)\n    at new Promise (<anonymous>)\n    at callAsyncCircusFn (/Users/elihanover/Documents/dev/001-llama-listener/openai-finetune/node_modules/jest-circus/build/utils.js:231:10)\n    at _callCircusTest (/Users/elihanover/Documents/dev/001-llama-listener/openai-finetune/node_modules/jest-circus/build/run.js:316:40)\n    at processTicksAndRejections (node:internal/process/task_queues:95:5)\n    at _runTest (/Users/elihanover/Documents/dev/001-llama-listener/openai-finetune/node_modules/jest-circus/build/run.js:252:3)\n    at _runTestsForDescribeBlock (/Users/elihanover/Documents/dev/001-llama-listener/openai-finetune/node_modules/jest-circus/build/run.js:126:9)\n    at _runTestsForDescribeBlock (/Users/elihanover/Documents/dev/001-llama-listener/openai-finetune/node_modules/jest-circus/build/run.js:121:9)\n    at run (/Users/elihanover/Documents/dev/001-llama-listener/openai-finetune/node_modules/jest-circus/build/run.js:71:3)\n    at runAndTransformResultsToJestFormat (/Users/elihanover/Documents/dev/001-llama-listener/openai-finetune/node_modules/jest-circus/build/legacy-code-todo-rewrite/jestAdapterInit.js:122:21)\n    at jestAdapter (/Users/elihanover/Documents/dev/001-llama-listener/openai-finetune/node_modules/jest-circus/build/legacy-code-todo-rewrite/jestAdapter.js:79:19)\n    at runTestInternal (/Users/elihanover/Documents/dev/001-llama-listener/openai-finetune/node_modules/jest-runner/build/runTest.js:367:16)\n    at runTest (/Users/elihanover/Documents/dev/001-llama-listener/openai-finetune/node_modules/jest-runner/build/runTest.js:444:34)\n    at Object.worker (/Users/elihanover/Documents/dev/001-llama-listener/openai-finetune/node_modules/jest-runner/build/testWorker.js:106:12)"],"fullName":"parseJsonLine returns null for invalid JSON line","invocations":1,"location":null,"numPassingAsserts":0,"retryReasons":[],"status":"failed","title":"returns null for invalid JSON line"},{"ancestorTitles":["parseJsonLine"],"duration":0,"failureDetails":[{}],"failureMessages":["TypeError: EntrySchema.parse.mockImplementation is not a function\n    at Object.<anonymous> (/Users/elihanover/Documents/dev/001-llama-listener/openai-finetune/app/dataset/info/parseJsonLine.test.js:37:23)\n    at Promise.then.completed (/Users/elihanover/Documents/dev/001-llama-listener/openai-finetune/node_modules/jest-circus/build/utils.js:298:28)\n    at new Promise (<anonymous>)\n    at callAsyncCircusFn (/Users/elihanover/Documents/dev/001-llama-listener/openai-finetune/node_modules/jest-circus/build/utils.js:231:10)\n    at _callCircusTest (/Users/elihanover/Documents/dev/001-llama-listener/openai-finetune/node_modules/jest-circus/build/run.js:316:40)\n    at processTicksAndRejections (node:internal/process/task_queues:95:5)\n    at _runTest (/Users/elihanover/Documents/dev/001-llama-listener/openai-finetune/node_modules/jest-circus/build/run.js:252:3)\n    at _runTestsForDescribeBlock (/Users/elihanover/Documents/dev/001-llama-listener/openai-finetune/node_modules/jest-circus/build/run.js:126:9)\n    at _runTestsForDescribeBlock (/Users/elihanover/Documents/dev/001-llama-listener/openai-finetune/node_modules/jest-circus/build/run.js:121:9)\n    at run (/Users/elihanover/Documents/dev/001-llama-listener/openai-finetune/node_modules/jest-circus/build/run.js:71:3)\n    at runAndTransformResultsToJestFormat (/Users/elihanover/Documents/dev/001-llama-listener/openai-finetune/node_modules/jest-circus/build/legacy-code-todo-rewrite/jestAdapterInit.js:122:21)\n    at jestAdapter (/Users/elihanover/Documents/dev/001-llama-listener/openai-finetune/node_modules/jest-circus/build/legacy-code-todo-rewrite/jestAdapter.js:79:19)\n    at runTestInternal (/Users/elihanover/Documents/dev/001-llama-listener/openai-finetune/node_modules/jest-runner/build/runTest.js:367:16)\n    at runTest (/Users/elihanover/Documents/dev/001-llama-listener/openai-finetune/node_modules/jest-runner/build/runTest.js:444:34)\n    at Object.worker (/Users/elihanover/Documents/dev/001-llama-listener/openai-finetune/node_modules/jest-runner/build/testWorker.js:106:12)"],"fullName":"parseJsonLine logs warning for invalid entries","invocations":1,"location":null,"numPassingAsserts":0,"retryReasons":[],"status":"failed","title":"logs warning for invalid entries"}],"endTime":1725056055448,"message":"\u001b[1m\u001b[31m  \u001b[1m● \u001b[22m\u001b[1mparseJsonLine › parses valid JSON line correctly\u001b[39m\u001b[22m\n\n    TypeError: EntrySchema.parse.mockReturnValue is not a function\n\u001b[2m\u001b[22m\n\u001b[2m    \u001b[0m \u001b[90m 15 |\u001b[39m     \u001b[36mconst\u001b[39m validLine \u001b[33m=\u001b[39m \u001b[32m'{\"key\": \"value\"}'\u001b[39m\u001b[33m;\u001b[39m\u001b[22m\n\u001b[2m     \u001b[90m 16 |\u001b[39m     \u001b[36mconst\u001b[39m parsedObject \u001b[33m=\u001b[39m { key\u001b[33m:\u001b[39m \u001b[32m\"value\"\u001b[39m }\u001b[33m;\u001b[39m\u001b[22m\n\u001b[2m    \u001b[31m\u001b[1m>\u001b[22m\u001b[2m\u001b[39m\u001b[90m 17 |\u001b[39m     \u001b[33mEntrySchema\u001b[39m\u001b[33m.\u001b[39mparse\u001b[33m.\u001b[39mmockReturnValue(parsedObject)\u001b[33m;\u001b[39m\u001b[22m\n\u001b[2m     \u001b[90m    |\u001b[39m                       \u001b[31m\u001b[1m^\u001b[22m\u001b[2m\u001b[39m\u001b[22m\n\u001b[2m     \u001b[90m 18 |\u001b[39m\u001b[22m\n\u001b[2m     \u001b[90m 19 |\u001b[39m     \u001b[36mconst\u001b[39m result \u001b[33m=\u001b[39m parseJsonLine(validLine)\u001b[33m;\u001b[39m\u001b[22m\n\u001b[2m     \u001b[90m 20 |\u001b[39m     expect(result)\u001b[33m.\u001b[39mtoEqual(parsedObject)\u001b[33m;\u001b[39m\u001b[0m\u001b[22m\n\u001b[2m\u001b[22m\n\u001b[2m      \u001b[2mat Object.<anonymous> (\u001b[22m\u001b[2m\u001b[0m\u001b[36mapp/dataset/info/parseJsonLine.test.js\u001b[39m\u001b[0m\u001b[2m:17:23)\u001b[22m\u001b[2m\u001b[22m\n\n\u001b[1m\u001b[31m  \u001b[1m● \u001b[22m\u001b[1mparseJsonLine › returns null for invalid JSON line\u001b[39m\u001b[22m\n\n    TypeError: EntrySchema.parse.mockImplementation is not a function\n\u001b[2m\u001b[22m\n\u001b[2m    \u001b[0m \u001b[90m 24 |\u001b[39m   test(\u001b[32m\"returns null for invalid JSON line\"\u001b[39m\u001b[33m,\u001b[39m () \u001b[33m=>\u001b[39m {\u001b[22m\n\u001b[2m     \u001b[90m 25 |\u001b[39m     \u001b[36mconst\u001b[39m invalidLine \u001b[33m=\u001b[39m \u001b[32m\"invalid json\"\u001b[39m\u001b[33m;\u001b[39m\u001b[22m\n\u001b[2m    \u001b[31m\u001b[1m>\u001b[22m\u001b[2m\u001b[39m\u001b[90m 26 |\u001b[39m     \u001b[33mEntrySchema\u001b[39m\u001b[33m.\u001b[39mparse\u001b[33m.\u001b[39mmockImplementation(() \u001b[33m=>\u001b[39m {\u001b[22m\n\u001b[2m     \u001b[90m    |\u001b[39m                       \u001b[31m\u001b[1m^\u001b[22m\u001b[2m\u001b[39m\u001b[22m\n\u001b[2m     \u001b[90m 27 |\u001b[39m       \u001b[36mthrow\u001b[39m \u001b[36mnew\u001b[39m \u001b[33mError\u001b[39m(\u001b[32m\"Invalid JSON\"\u001b[39m)\u001b[33m;\u001b[39m\u001b[22m\n\u001b[2m     \u001b[90m 28 |\u001b[39m     })\u001b[33m;\u001b[39m\u001b[22m\n\u001b[2m     \u001b[90m 29 |\u001b[39m\u001b[0m\u001b[22m\n\u001b[2m\u001b[22m\n\u001b[2m      \u001b[2mat Object.<anonymous> (\u001b[22m\u001b[2m\u001b[0m\u001b[36mapp/dataset/info/parseJsonLine.test.js\u001b[39m\u001b[0m\u001b[2m:26:23)\u001b[22m\u001b[2m\u001b[22m\n\n\u001b[1m\u001b[31m  \u001b[1m● \u001b[22m\u001b[1mparseJsonLine › logs warning for invalid entries\u001b[39m\u001b[22m\n\n    TypeError: EntrySchema.parse.mockImplementation is not a function\n\u001b[2m\u001b[22m\n\u001b[2m    \u001b[0m \u001b[90m 35 |\u001b[39m   test(\u001b[32m\"logs warning for invalid entries\"\u001b[39m\u001b[33m,\u001b[39m () \u001b[33m=>\u001b[39m {\u001b[22m\n\u001b[2m     \u001b[90m 36 |\u001b[39m     \u001b[36mconst\u001b[39m invalidLine \u001b[33m=\u001b[39m \u001b[32m'{\"key\": \"value\"}'\u001b[39m\u001b[33m;\u001b[39m\u001b[22m\n\u001b[2m    \u001b[31m\u001b[1m>\u001b[22m\u001b[2m\u001b[39m\u001b[90m 37 |\u001b[39m     \u001b[33mEntrySchema\u001b[39m\u001b[33m.\u001b[39mparse\u001b[33m.\u001b[39mmockImplementation(() \u001b[33m=>\u001b[39m {\u001b[22m\n\u001b[2m     \u001b[90m    |\u001b[39m                       \u001b[31m\u001b[1m^\u001b[22m\u001b[2m\u001b[39m\u001b[22m\n\u001b[2m     \u001b[90m 38 |\u001b[39m       \u001b[36mthrow\u001b[39m \u001b[36mnew\u001b[39m \u001b[33mError\u001b[39m(\u001b[32m\"Invalid schema\"\u001b[39m)\u001b[33m;\u001b[39m\u001b[22m\n\u001b[2m     \u001b[90m 39 |\u001b[39m     })\u001b[33m;\u001b[39m\u001b[22m\n\u001b[2m     \u001b[90m 40 |\u001b[39m\u001b[0m\u001b[22m\n\u001b[2m\u001b[22m\n\u001b[2m      \u001b[2mat Object.<anonymous> (\u001b[22m\u001b[2m\u001b[0m\u001b[36mapp/dataset/info/parseJsonLine.test.js\u001b[39m\u001b[0m\u001b[2m:37:23)\u001b[22m\u001b[2m\u001b[22m\n","name":"/Users/elihanover/Documents/dev/001-llama-listener/openai-finetune/app/dataset/info/parseJsonLine.test.js","startTime":1725056055205,"status":"failed","summary":""},{"assertionResults":[{"ancestorTitles":["createColorGradient"],"duration":5,"failureDetails":[{"matcherResult":{"actual":"\u001b[31mline1\u001b[39m\n\u001b[34mline2\u001b[39m\n\u001b[32mline3\u001b[39m","expected":"red(line1)\nblue(line2)\ngreen(line3)","message":"\u001b[2mexpect(\u001b[22m\u001b[31mreceived\u001b[39m\u001b[2m).\u001b[22mtoBe\u001b[2m(\u001b[22m\u001b[32mexpected\u001b[39m\u001b[2m) // Object.is equality\u001b[22m\n\n\u001b[32m- Expected  - 3\u001b[39m\n\u001b[31m+ Received  + 3\u001b[39m\n\n\u001b[32m- red(line1)\u001b[39m\n\u001b[32m- blue(line2)\u001b[39m\n\u001b[32m- green(line3)\u001b[39m\n\u001b[31m+ \u001b[31mline1\u001b[39m\u001b[31m\u001b[39m\n\u001b[31m+ \u001b[34mline2\u001b[39m\u001b[31m\u001b[39m\n\u001b[31m+ \u001b[32mline3\u001b[39m\u001b[31m\u001b[39m","name":"toBe","pass":false}}],"failureMessages":["Error: \u001b[2mexpect(\u001b[22m\u001b[31mreceived\u001b[39m\u001b[2m).\u001b[22mtoBe\u001b[2m(\u001b[22m\u001b[32mexpected\u001b[39m\u001b[2m) // Object.is equality\u001b[22m\n\n\u001b[32m- Expected  - 3\u001b[39m\n\u001b[31m+ Received  + 3\u001b[39m\n\n\u001b[32m- red(line1)\u001b[39m\n\u001b[32m- blue(line2)\u001b[39m\n\u001b[32m- green(line3)\u001b[39m\n\u001b[31m+ \u001b[31mline1\u001b[39m\u001b[31m\u001b[39m\n\u001b[31m+ \u001b[34mline2\u001b[39m\u001b[31m\u001b[39m\n\u001b[31m+ \u001b[32mline3\u001b[39m\u001b[31m\u001b[39m\n    at Object.<anonymous> (/Users/elihanover/Documents/dev/001-llama-listener/openai-finetune/app/dataset/info/createColorGradient.test.js:16:20)\n    at Promise.then.completed (/Users/elihanover/Documents/dev/001-llama-listener/openai-finetune/node_modules/jest-circus/build/utils.js:298:28)\n    at new Promise (<anonymous>)\n    at callAsyncCircusFn (/Users/elihanover/Documents/dev/001-llama-listener/openai-finetune/node_modules/jest-circus/build/utils.js:231:10)\n    at _callCircusTest (/Users/elihanover/Documents/dev/001-llama-listener/openai-finetune/node_modules/jest-circus/build/run.js:316:40)\n    at processTicksAndRejections (node:internal/process/task_queues:95:5)\n    at _runTest (/Users/elihanover/Documents/dev/001-llama-listener/openai-finetune/node_modules/jest-circus/build/run.js:252:3)\n    at _runTestsForDescribeBlock (/Users/elihanover/Documents/dev/001-llama-listener/openai-finetune/node_modules/jest-circus/build/run.js:126:9)\n    at _runTestsForDescribeBlock (/Users/elihanover/Documents/dev/001-llama-listener/openai-finetune/node_modules/jest-circus/build/run.js:121:9)\n    at run (/Users/elihanover/Documents/dev/001-llama-listener/openai-finetune/node_modules/jest-circus/build/run.js:71:3)\n    at runAndTransformResultsToJestFormat (/Users/elihanover/Documents/dev/001-llama-listener/openai-finetune/node_modules/jest-circus/build/legacy-code-todo-rewrite/jestAdapterInit.js:122:21)\n    at jestAdapter (/Users/elihanover/Documents/dev/001-llama-listener/openai-finetune/node_modules/jest-circus/build/legacy-code-todo-rewrite/jestAdapter.js:79:19)\n    at runTestInternal (/Users/elihanover/Documents/dev/001-llama-listener/openai-finetune/node_modules/jest-runner/build/runTest.js:367:16)\n    at runTest (/Users/elihanover/Documents/dev/001-llama-listener/openai-finetune/node_modules/jest-runner/build/runTest.js:444:34)\n    at Object.worker (/Users/elihanover/Documents/dev/001-llama-listener/openai-finetune/node_modules/jest-runner/build/testWorker.js:106:12)"],"fullName":"createColorGradient applies colors to each line of text","invocations":1,"location":null,"numPassingAsserts":0,"retryReasons":[],"status":"failed","title":"applies colors to each line of text"},{"ancestorTitles":["createColorGradient"],"duration":1,"failureDetails":[{"matcherResult":{"actual":"\u001b[31mline1\u001b[39m\n\u001b[34mline2\u001b[39m\n\u001b[31mline3\u001b[39m\n\u001b[34mline4\u001b[39m","expected":"red(line1)\nblue(line2)\nred(line3)\nblue(line4)","message":"\u001b[2mexpect(\u001b[22m\u001b[31mreceived\u001b[39m\u001b[2m).\u001b[22mtoBe\u001b[2m(\u001b[22m\u001b[32mexpected\u001b[39m\u001b[2m) // Object.is equality\u001b[22m\n\n\u001b[32m- Expected  - 4\u001b[39m\n\u001b[31m+ Received  + 4\u001b[39m\n\n\u001b[32m- red(line1)\u001b[39m\n\u001b[32m- blue(line2)\u001b[39m\n\u001b[32m- red(line3)\u001b[39m\n\u001b[32m- blue(line4)\u001b[39m\n\u001b[31m+ \u001b[31mline1\u001b[39m\u001b[31m\u001b[39m\n\u001b[31m+ \u001b[34mline2\u001b[39m\u001b[31m\u001b[39m\n\u001b[31m+ \u001b[31mline3\u001b[39m\u001b[31m\u001b[39m\n\u001b[31m+ \u001b[34mline4\u001b[39m\u001b[31m\u001b[39m","name":"toBe","pass":false}}],"failureMessages":["Error: \u001b[2mexpect(\u001b[22m\u001b[31mreceived\u001b[39m\u001b[2m).\u001b[22mtoBe\u001b[2m(\u001b[22m\u001b[32mexpected\u001b[39m\u001b[2m) // Object.is equality\u001b[22m\n\n\u001b[32m- Expected  - 4\u001b[39m\n\u001b[31m+ Received  + 4\u001b[39m\n\n\u001b[32m- red(line1)\u001b[39m\n\u001b[32m- blue(line2)\u001b[39m\n\u001b[32m- red(line3)\u001b[39m\n\u001b[32m- blue(line4)\u001b[39m\n\u001b[31m+ \u001b[31mline1\u001b[39m\u001b[31m\u001b[39m\n\u001b[31m+ \u001b[34mline2\u001b[39m\u001b[31m\u001b[39m\n\u001b[31m+ \u001b[31mline3\u001b[39m\u001b[31m\u001b[39m\n\u001b[31m+ \u001b[34mline4\u001b[39m\u001b[31m\u001b[39m\n    at Object.<anonymous> (/Users/elihanover/Documents/dev/001-llama-listener/openai-finetune/app/dataset/info/createColorGradient.test.js:23:20)\n    at Promise.then.completed (/Users/elihanover/Documents/dev/001-llama-listener/openai-finetune/node_modules/jest-circus/build/utils.js:298:28)\n    at new Promise (<anonymous>)\n    at callAsyncCircusFn (/Users/elihanover/Documents/dev/001-llama-listener/openai-finetune/node_modules/jest-circus/build/utils.js:231:10)\n    at _callCircusTest (/Users/elihanover/Documents/dev/001-llama-listener/openai-finetune/node_modules/jest-circus/build/run.js:316:40)\n    at processTicksAndRejections (node:internal/process/task_queues:95:5)\n    at _runTest (/Users/elihanover/Documents/dev/001-llama-listener/openai-finetune/node_modules/jest-circus/build/run.js:252:3)\n    at _runTestsForDescribeBlock (/Users/elihanover/Documents/dev/001-llama-listener/openai-finetune/node_modules/jest-circus/build/run.js:126:9)\n    at _runTestsForDescribeBlock (/Users/elihanover/Documents/dev/001-llama-listener/openai-finetune/node_modules/jest-circus/build/run.js:121:9)\n    at run (/Users/elihanover/Documents/dev/001-llama-listener/openai-finetune/node_modules/jest-circus/build/run.js:71:3)\n    at runAndTransformResultsToJestFormat (/Users/elihanover/Documents/dev/001-llama-listener/openai-finetune/node_modules/jest-circus/build/legacy-code-todo-rewrite/jestAdapterInit.js:122:21)\n    at jestAdapter (/Users/elihanover/Documents/dev/001-llama-listener/openai-finetune/node_modules/jest-circus/build/legacy-code-todo-rewrite/jestAdapter.js:79:19)\n    at runTestInternal (/Users/elihanover/Documents/dev/001-llama-listener/openai-finetune/node_modules/jest-runner/build/runTest.js:367:16)\n    at runTest (/Users/elihanover/Documents/dev/001-llama-listener/openai-finetune/node_modules/jest-runner/build/runTest.js:444:34)\n    at Object.worker (/Users/elihanover/Documents/dev/001-llama-listener/openai-finetune/node_modules/jest-runner/build/testWorker.js:106:12)"],"fullName":"createColorGradient cycles through colors if there are more lines than colors","invocations":1,"location":null,"numPassingAsserts":0,"retryReasons":[],"status":"failed","title":"cycles through colors if there are more lines than colors"},{"ancestorTitles":["createColorGradient"],"duration":1,"failureDetails":[{"matcherResult":{"actual":"\u001b[31msingle line\u001b[39m","expected":"red(single line)","message":"\u001b[2mexpect(\u001b[22m\u001b[31mreceived\u001b[39m\u001b[2m).\u001b[22mtoBe\u001b[2m(\u001b[22m\u001b[32mexpected\u001b[39m\u001b[2m) // Object.is equality\u001b[22m\n\nExpected: \u001b[32m\"\u001b[7mred(\u001b[27msingle line\u001b[7m)\u001b[27m\"\u001b[39m\nReceived: \u001b[31m\"\u001b[7m\u001b[31m\u001b[27msingle line\u001b[7m\u001b[39m\u001b[31m\u001b[27m\"\u001b[39m","name":"toBe","pass":false}}],"failureMessages":["Error: \u001b[2mexpect(\u001b[22m\u001b[31mreceived\u001b[39m\u001b[2m).\u001b[22mtoBe\u001b[2m(\u001b[22m\u001b[32mexpected\u001b[39m\u001b[2m) // Object.is equality\u001b[22m\n\nExpected: \u001b[32m\"\u001b[7mred(\u001b[27msingle line\u001b[7m)\u001b[27m\"\u001b[39m\nReceived: \u001b[31m\"\u001b[7m\u001b[31m\u001b[27msingle line\u001b[7m\u001b[39m\u001b[31m\u001b[27m\"\u001b[39m\n    at Object.<anonymous> (/Users/elihanover/Documents/dev/001-llama-listener/openai-finetune/app/dataset/info/createColorGradient.test.js:30:20)\n    at Promise.then.completed (/Users/elihanover/Documents/dev/001-llama-listener/openai-finetune/node_modules/jest-circus/build/utils.js:298:28)\n    at new Promise (<anonymous>)\n    at callAsyncCircusFn (/Users/elihanover/Documents/dev/001-llama-listener/openai-finetune/node_modules/jest-circus/build/utils.js:231:10)\n    at _callCircusTest (/Users/elihanover/Documents/dev/001-llama-listener/openai-finetune/node_modules/jest-circus/build/run.js:316:40)\n    at processTicksAndRejections (node:internal/process/task_queues:95:5)\n    at _runTest (/Users/elihanover/Documents/dev/001-llama-listener/openai-finetune/node_modules/jest-circus/build/run.js:252:3)\n    at _runTestsForDescribeBlock (/Users/elihanover/Documents/dev/001-llama-listener/openai-finetune/node_modules/jest-circus/build/run.js:126:9)\n    at _runTestsForDescribeBlock (/Users/elihanover/Documents/dev/001-llama-listener/openai-finetune/node_modules/jest-circus/build/run.js:121:9)\n    at run (/Users/elihanover/Documents/dev/001-llama-listener/openai-finetune/node_modules/jest-circus/build/run.js:71:3)\n    at runAndTransformResultsToJestFormat (/Users/elihanover/Documents/dev/001-llama-listener/openai-finetune/node_modules/jest-circus/build/legacy-code-todo-rewrite/jestAdapterInit.js:122:21)\n    at jestAdapter (/Users/elihanover/Documents/dev/001-llama-listener/openai-finetune/node_modules/jest-circus/build/legacy-code-todo-rewrite/jestAdapter.js:79:19)\n    at runTestInternal (/Users/elihanover/Documents/dev/001-llama-listener/openai-finetune/node_modules/jest-runner/build/runTest.js:367:16)\n    at runTest (/Users/elihanover/Documents/dev/001-llama-listener/openai-finetune/node_modules/jest-runner/build/runTest.js:444:34)\n    at Object.worker (/Users/elihanover/Documents/dev/001-llama-listener/openai-finetune/node_modules/jest-runner/build/testWorker.js:106:12)"],"fullName":"createColorGradient handles single-line text","invocations":1,"location":null,"numPassingAsserts":0,"retryReasons":[],"status":"failed","title":"handles single-line text"}],"endTime":1725056055455,"message":"\u001b[1m\u001b[31m  \u001b[1m● \u001b[22m\u001b[1mcreateColorGradient › applies colors to each line of text\u001b[39m\u001b[22m\n\n    \u001b[2mexpect(\u001b[22m\u001b[31mreceived\u001b[39m\u001b[2m).\u001b[22mtoBe\u001b[2m(\u001b[22m\u001b[32mexpected\u001b[39m\u001b[2m) // Object.is equality\u001b[22m\n\n    \u001b[32m- Expected  - 3\u001b[39m\n    \u001b[31m+ Received  + 3\u001b[39m\n\n    \u001b[32m- red(line1)\u001b[39m\n    \u001b[32m- blue(line2)\u001b[39m\n    \u001b[32m- green(line3)\u001b[39m\n    \u001b[31m+ \u001b[31mline1\u001b[39m\u001b[31m\u001b[39m\n    \u001b[31m+ \u001b[34mline2\u001b[39m\u001b[31m\u001b[39m\n    \u001b[31m+ \u001b[32mline3\u001b[39m\u001b[31m\u001b[39m\n\u001b[2m\u001b[22m\n\u001b[2m    \u001b[0m \u001b[90m 14 |\u001b[39m     \u001b[36mconst\u001b[39m colors \u001b[33m=\u001b[39m [\u001b[32m\"red\"\u001b[39m\u001b[33m,\u001b[39m \u001b[32m\"blue\"\u001b[39m\u001b[33m,\u001b[39m \u001b[32m\"green\"\u001b[39m]\u001b[33m;\u001b[39m\u001b[22m\n\u001b[2m     \u001b[90m 15 |\u001b[39m     \u001b[36mconst\u001b[39m result \u001b[33m=\u001b[39m createColorGradient(text\u001b[33m,\u001b[39m colors)\u001b[33m;\u001b[39m\u001b[22m\n\u001b[2m    \u001b[31m\u001b[1m>\u001b[22m\u001b[2m\u001b[39m\u001b[90m 16 |\u001b[39m     expect(result)\u001b[33m.\u001b[39mtoBe(\u001b[32m\"red(line1)\\nblue(line2)\\ngreen(line3)\"\u001b[39m)\u001b[33m;\u001b[39m\u001b[22m\n\u001b[2m     \u001b[90m    |\u001b[39m                    \u001b[31m\u001b[1m^\u001b[22m\u001b[2m\u001b[39m\u001b[22m\n\u001b[2m     \u001b[90m 17 |\u001b[39m   })\u001b[33m;\u001b[39m\u001b[22m\n\u001b[2m     \u001b[90m 18 |\u001b[39m\u001b[22m\n\u001b[2m     \u001b[90m 19 |\u001b[39m   test(\u001b[32m\"cycles through colors if there are more lines than colors\"\u001b[39m\u001b[33m,\u001b[39m () \u001b[33m=>\u001b[39m {\u001b[0m\u001b[22m\n\u001b[2m\u001b[22m\n\u001b[2m      \u001b[2mat Object.<anonymous> (\u001b[22m\u001b[2m\u001b[0m\u001b[36mapp/dataset/info/createColorGradient.test.js\u001b[39m\u001b[0m\u001b[2m:16:20)\u001b[22m\u001b[2m\u001b[22m\n\n\u001b[1m\u001b[31m  \u001b[1m● \u001b[22m\u001b[1mcreateColorGradient › cycles through colors if there are more lines than colors\u001b[39m\u001b[22m\n\n    \u001b[2mexpect(\u001b[22m\u001b[31mreceived\u001b[39m\u001b[2m).\u001b[22mtoBe\u001b[2m(\u001b[22m\u001b[32mexpected\u001b[39m\u001b[2m) // Object.is equality\u001b[22m\n\n    \u001b[32m- Expected  - 4\u001b[39m\n    \u001b[31m+ Received  + 4\u001b[39m\n\n    \u001b[32m- red(line1)\u001b[39m\n    \u001b[32m- blue(line2)\u001b[39m\n    \u001b[32m- red(line3)\u001b[39m\n    \u001b[32m- blue(line4)\u001b[39m\n    \u001b[31m+ \u001b[31mline1\u001b[39m\u001b[31m\u001b[39m\n    \u001b[31m+ \u001b[34mline2\u001b[39m\u001b[31m\u001b[39m\n    \u001b[31m+ \u001b[31mline3\u001b[39m\u001b[31m\u001b[39m\n    \u001b[31m+ \u001b[34mline4\u001b[39m\u001b[31m\u001b[39m\n\u001b[2m\u001b[22m\n\u001b[2m    \u001b[0m \u001b[90m 21 |\u001b[39m     \u001b[36mconst\u001b[39m colors \u001b[33m=\u001b[39m [\u001b[32m\"red\"\u001b[39m\u001b[33m,\u001b[39m \u001b[32m\"blue\"\u001b[39m]\u001b[33m;\u001b[39m\u001b[22m\n\u001b[2m     \u001b[90m 22 |\u001b[39m     \u001b[36mconst\u001b[39m result \u001b[33m=\u001b[39m createColorGradient(text\u001b[33m,\u001b[39m colors)\u001b[33m;\u001b[39m\u001b[22m\n\u001b[2m    \u001b[31m\u001b[1m>\u001b[22m\u001b[2m\u001b[39m\u001b[90m 23 |\u001b[39m     expect(result)\u001b[33m.\u001b[39mtoBe(\u001b[32m\"red(line1)\\nblue(line2)\\nred(line3)\\nblue(line4)\"\u001b[39m)\u001b[33m;\u001b[39m\u001b[22m\n\u001b[2m     \u001b[90m    |\u001b[39m                    \u001b[31m\u001b[1m^\u001b[22m\u001b[2m\u001b[39m\u001b[22m\n\u001b[2m     \u001b[90m 24 |\u001b[39m   })\u001b[33m;\u001b[39m\u001b[22m\n\u001b[2m     \u001b[90m 25 |\u001b[39m\u001b[22m\n\u001b[2m     \u001b[90m 26 |\u001b[39m   test(\u001b[32m\"handles single-line text\"\u001b[39m\u001b[33m,\u001b[39m () \u001b[33m=>\u001b[39m {\u001b[0m\u001b[22m\n\u001b[2m\u001b[22m\n\u001b[2m      \u001b[2mat Object.<anonymous> (\u001b[22m\u001b[2m\u001b[0m\u001b[36mapp/dataset/info/createColorGradient.test.js\u001b[39m\u001b[0m\u001b[2m:23:20)\u001b[22m\u001b[2m\u001b[22m\n\n\u001b[1m\u001b[31m  \u001b[1m● \u001b[22m\u001b[1mcreateColorGradient › handles single-line text\u001b[39m\u001b[22m\n\n    \u001b[2mexpect(\u001b[22m\u001b[31mreceived\u001b[39m\u001b[2m).\u001b[22mtoBe\u001b[2m(\u001b[22m\u001b[32mexpected\u001b[39m\u001b[2m) // Object.is equality\u001b[22m\n\n    Expected: \u001b[32m\"\u001b[7mred(\u001b[27msingle line\u001b[7m)\u001b[27m\"\u001b[39m\n    Received: \u001b[31m\"\u001b[7m\u001b[31m\u001b[27msingle line\u001b[7m\u001b[39m\u001b[31m\u001b[27m\"\u001b[39m\n\u001b[2m\u001b[22m\n\u001b[2m    \u001b[0m \u001b[90m 28 |\u001b[39m     \u001b[36mconst\u001b[39m colors \u001b[33m=\u001b[39m [\u001b[32m\"red\"\u001b[39m\u001b[33m,\u001b[39m \u001b[32m\"blue\"\u001b[39m\u001b[33m,\u001b[39m \u001b[32m\"green\"\u001b[39m]\u001b[33m;\u001b[39m\u001b[22m\n\u001b[2m     \u001b[90m 29 |\u001b[39m     \u001b[36mconst\u001b[39m result \u001b[33m=\u001b[39m createColorGradient(text\u001b[33m,\u001b[39m colors)\u001b[33m;\u001b[39m\u001b[22m\n\u001b[2m    \u001b[31m\u001b[1m>\u001b[22m\u001b[2m\u001b[39m\u001b[90m 30 |\u001b[39m     expect(result)\u001b[33m.\u001b[39mtoBe(\u001b[32m\"red(single line)\"\u001b[39m)\u001b[33m;\u001b[39m\u001b[22m\n\u001b[2m     \u001b[90m    |\u001b[39m                    \u001b[31m\u001b[1m^\u001b[22m\u001b[2m\u001b[39m\u001b[22m\n\u001b[2m     \u001b[90m 31 |\u001b[39m   })\u001b[33m;\u001b[39m\u001b[22m\n\u001b[2m     \u001b[90m 32 |\u001b[39m })\u001b[33m;\u001b[39m\u001b[22m\n\u001b[2m     \u001b[90m 33 |\u001b[39m\u001b[0m\u001b[22m\n\u001b[2m\u001b[22m\n\u001b[2m      \u001b[2mat Object.<anonymous> (\u001b[22m\u001b[2m\u001b[0m\u001b[36mapp/dataset/info/createColorGradient.test.js\u001b[39m\u001b[0m\u001b[2m:30:20)\u001b[22m\u001b[2m\u001b[22m\n","name":"/Users/elihanover/Documents/dev/001-llama-listener/openai-finetune/app/dataset/info/createColorGradient.test.js","startTime":1725056055209,"status":"failed","summary":""},{"assertionResults":[{"ancestorTitles":["loadDataset"],"duration":2,"failureDetails":[{}],"failureMessages":["TypeError: fs.readFile.mockResolvedValue is not a function\n    at Object.<anonymous> (/Users/elihanover/Documents/dev/001-llama-listener/openai-finetune/lib/dataset/loadDataset.test.js:22:17)\n    at Promise.then.completed (/Users/elihanover/Documents/dev/001-llama-listener/openai-finetune/node_modules/jest-circus/build/utils.js:298:28)\n    at new Promise (<anonymous>)\n    at callAsyncCircusFn (/Users/elihanover/Documents/dev/001-llama-listener/openai-finetune/node_modules/jest-circus/build/utils.js:231:10)\n    at _callCircusTest (/Users/elihanover/Documents/dev/001-llama-listener/openai-finetune/node_modules/jest-circus/build/run.js:316:40)\n    at processTicksAndRejections (node:internal/process/task_queues:95:5)\n    at _runTest (/Users/elihanover/Documents/dev/001-llama-listener/openai-finetune/node_modules/jest-circus/build/run.js:252:3)\n    at _runTestsForDescribeBlock (/Users/elihanover/Documents/dev/001-llama-listener/openai-finetune/node_modules/jest-circus/build/run.js:126:9)\n    at _runTestsForDescribeBlock (/Users/elihanover/Documents/dev/001-llama-listener/openai-finetune/node_modules/jest-circus/build/run.js:121:9)\n    at run (/Users/elihanover/Documents/dev/001-llama-listener/openai-finetune/node_modules/jest-circus/build/run.js:71:3)\n    at runAndTransformResultsToJestFormat (/Users/elihanover/Documents/dev/001-llama-listener/openai-finetune/node_modules/jest-circus/build/legacy-code-todo-rewrite/jestAdapterInit.js:122:21)\n    at jestAdapter (/Users/elihanover/Documents/dev/001-llama-listener/openai-finetune/node_modules/jest-circus/build/legacy-code-todo-rewrite/jestAdapter.js:79:19)\n    at runTestInternal (/Users/elihanover/Documents/dev/001-llama-listener/openai-finetune/node_modules/jest-runner/build/runTest.js:367:16)\n    at runTest (/Users/elihanover/Documents/dev/001-llama-listener/openai-finetune/node_modules/jest-runner/build/runTest.js:444:34)\n    at Object.worker (/Users/elihanover/Documents/dev/001-llama-listener/openai-finetune/node_modules/jest-runner/build/testWorker.js:106:12)"],"fullName":"loadDataset loads valid dataset correctly","invocations":1,"location":null,"numPassingAsserts":0,"retryReasons":[],"status":"failed","title":"loads valid dataset correctly"},{"ancestorTitles":["loadDataset"],"duration":0,"failureDetails":[{}],"failureMessages":["TypeError: fs.readFile.mockResolvedValue is not a function\n    at Object.<anonymous> (/Users/elihanover/Documents/dev/001-llama-listener/openai-finetune/lib/dataset/loadDataset.test.js:37:17)\n    at Promise.then.completed (/Users/elihanover/Documents/dev/001-llama-listener/openai-finetune/node_modules/jest-circus/build/utils.js:298:28)\n    at new Promise (<anonymous>)\n    at callAsyncCircusFn (/Users/elihanover/Documents/dev/001-llama-listener/openai-finetune/node_modules/jest-circus/build/utils.js:231:10)\n    at _callCircusTest (/Users/elihanover/Documents/dev/001-llama-listener/openai-finetune/node_modules/jest-circus/build/run.js:316:40)\n    at processTicksAndRejections (node:internal/process/task_queues:95:5)\n    at _runTest (/Users/elihanover/Documents/dev/001-llama-listener/openai-finetune/node_modules/jest-circus/build/run.js:252:3)\n    at _runTestsForDescribeBlock (/Users/elihanover/Documents/dev/001-llama-listener/openai-finetune/node_modules/jest-circus/build/run.js:126:9)\n    at _runTestsForDescribeBlock (/Users/elihanover/Documents/dev/001-llama-listener/openai-finetune/node_modules/jest-circus/build/run.js:121:9)\n    at run (/Users/elihanover/Documents/dev/001-llama-listener/openai-finetune/node_modules/jest-circus/build/run.js:71:3)\n    at runAndTransformResultsToJestFormat (/Users/elihanover/Documents/dev/001-llama-listener/openai-finetune/node_modules/jest-circus/build/legacy-code-todo-rewrite/jestAdapterInit.js:122:21)\n    at jestAdapter (/Users/elihanover/Documents/dev/001-llama-listener/openai-finetune/node_modules/jest-circus/build/legacy-code-todo-rewrite/jestAdapter.js:79:19)\n    at runTestInternal (/Users/elihanover/Documents/dev/001-llama-listener/openai-finetune/node_modules/jest-runner/build/runTest.js:367:16)\n    at runTest (/Users/elihanover/Documents/dev/001-llama-listener/openai-finetune/node_modules/jest-runner/build/runTest.js:444:34)\n    at Object.worker (/Users/elihanover/Documents/dev/001-llama-listener/openai-finetune/node_modules/jest-runner/build/testWorker.js:106:12)"],"fullName":"loadDataset filters out invalid JSON lines","invocations":1,"location":null,"numPassingAsserts":0,"retryReasons":[],"status":"failed","title":"filters out invalid JSON lines"},{"ancestorTitles":["loadDataset"],"duration":0,"failureDetails":[{}],"failureMessages":["TypeError: fs.readFile.mockResolvedValue is not a function\n    at Object.<anonymous> (/Users/elihanover/Documents/dev/001-llama-listener/openai-finetune/lib/dataset/loadDataset.test.js:53:17)\n    at Promise.then.completed (/Users/elihanover/Documents/dev/001-llama-listener/openai-finetune/node_modules/jest-circus/build/utils.js:298:28)\n    at new Promise (<anonymous>)\n    at callAsyncCircusFn (/Users/elihanover/Documents/dev/001-llama-listener/openai-finetune/node_modules/jest-circus/build/utils.js:231:10)\n    at _callCircusTest (/Users/elihanover/Documents/dev/001-llama-listener/openai-finetune/node_modules/jest-circus/build/run.js:316:40)\n    at processTicksAndRejections (node:internal/process/task_queues:95:5)\n    at _runTest (/Users/elihanover/Documents/dev/001-llama-listener/openai-finetune/node_modules/jest-circus/build/run.js:252:3)\n    at _runTestsForDescribeBlock (/Users/elihanover/Documents/dev/001-llama-listener/openai-finetune/node_modules/jest-circus/build/run.js:126:9)\n    at _runTestsForDescribeBlock (/Users/elihanover/Documents/dev/001-llama-listener/openai-finetune/node_modules/jest-circus/build/run.js:121:9)\n    at run (/Users/elihanover/Documents/dev/001-llama-listener/openai-finetune/node_modules/jest-circus/build/run.js:71:3)\n    at runAndTransformResultsToJestFormat (/Users/elihanover/Documents/dev/001-llama-listener/openai-finetune/node_modules/jest-circus/build/legacy-code-todo-rewrite/jestAdapterInit.js:122:21)\n    at jestAdapter (/Users/elihanover/Documents/dev/001-llama-listener/openai-finetune/node_modules/jest-circus/build/legacy-code-todo-rewrite/jestAdapter.js:79:19)\n    at runTestInternal (/Users/elihanover/Documents/dev/001-llama-listener/openai-finetune/node_modules/jest-runner/build/runTest.js:367:16)\n    at runTest (/Users/elihanover/Documents/dev/001-llama-listener/openai-finetune/node_modules/jest-runner/build/runTest.js:444:34)\n    at Object.worker (/Users/elihanover/Documents/dev/001-llama-listener/openai-finetune/node_modules/jest-runner/build/testWorker.js:106:12)"],"fullName":"loadDataset filters out entries missing prompt or completion","invocations":1,"location":null,"numPassingAsserts":0,"retryReasons":[],"status":"failed","title":"filters out entries missing prompt or completion"},{"ancestorTitles":["loadDataset"],"duration":1,"failureDetails":[{}],"failureMessages":["TypeError: fs.readFile.mockResolvedValue is not a function\n    at Object.<anonymous> (/Users/elihanover/Documents/dev/001-llama-listener/openai-finetune/lib/dataset/loadDataset.test.js:63:17)\n    at Promise.then.completed (/Users/elihanover/Documents/dev/001-llama-listener/openai-finetune/node_modules/jest-circus/build/utils.js:298:28)\n    at new Promise (<anonymous>)\n    at callAsyncCircusFn (/Users/elihanover/Documents/dev/001-llama-listener/openai-finetune/node_modules/jest-circus/build/utils.js:231:10)\n    at _callCircusTest (/Users/elihanover/Documents/dev/001-llama-listener/openai-finetune/node_modules/jest-circus/build/run.js:316:40)\n    at processTicksAndRejections (node:internal/process/task_queues:95:5)\n    at _runTest (/Users/elihanover/Documents/dev/001-llama-listener/openai-finetune/node_modules/jest-circus/build/run.js:252:3)\n    at _runTestsForDescribeBlock (/Users/elihanover/Documents/dev/001-llama-listener/openai-finetune/node_modules/jest-circus/build/run.js:126:9)\n    at _runTestsForDescribeBlock (/Users/elihanover/Documents/dev/001-llama-listener/openai-finetune/node_modules/jest-circus/build/run.js:121:9)\n    at run (/Users/elihanover/Documents/dev/001-llama-listener/openai-finetune/node_modules/jest-circus/build/run.js:71:3)\n    at runAndTransformResultsToJestFormat (/Users/elihanover/Documents/dev/001-llama-listener/openai-finetune/node_modules/jest-circus/build/legacy-code-todo-rewrite/jestAdapterInit.js:122:21)\n    at jestAdapter (/Users/elihanover/Documents/dev/001-llama-listener/openai-finetune/node_modules/jest-circus/build/legacy-code-todo-rewrite/jestAdapter.js:79:19)\n    at runTestInternal (/Users/elihanover/Documents/dev/001-llama-listener/openai-finetune/node_modules/jest-runner/build/runTest.js:367:16)\n    at runTest (/Users/elihanover/Documents/dev/001-llama-listener/openai-finetune/node_modules/jest-runner/build/runTest.js:444:34)\n    at Object.worker (/Users/elihanover/Documents/dev/001-llama-listener/openai-finetune/node_modules/jest-runner/build/testWorker.js:106:12)"],"fullName":"loadDataset handles empty file","invocations":1,"location":null,"numPassingAsserts":0,"retryReasons":[],"status":"failed","title":"handles empty file"},{"ancestorTitles":["loadDataset"],"duration":0,"failureDetails":[{}],"failureMessages":["TypeError: fs.readFile.mockRejectedValue is not a function\n    at Object.<anonymous> (/Users/elihanover/Documents/dev/001-llama-listener/openai-finetune/lib/dataset/loadDataset.test.js:70:17)\n    at Promise.then.completed (/Users/elihanover/Documents/dev/001-llama-listener/openai-finetune/node_modules/jest-circus/build/utils.js:298:28)\n    at new Promise (<anonymous>)\n    at callAsyncCircusFn (/Users/elihanover/Documents/dev/001-llama-listener/openai-finetune/node_modules/jest-circus/build/utils.js:231:10)\n    at _callCircusTest (/Users/elihanover/Documents/dev/001-llama-listener/openai-finetune/node_modules/jest-circus/build/run.js:316:40)\n    at processTicksAndRejections (node:internal/process/task_queues:95:5)\n    at _runTest (/Users/elihanover/Documents/dev/001-llama-listener/openai-finetune/node_modules/jest-circus/build/run.js:252:3)\n    at _runTestsForDescribeBlock (/Users/elihanover/Documents/dev/001-llama-listener/openai-finetune/node_modules/jest-circus/build/run.js:126:9)\n    at _runTestsForDescribeBlock (/Users/elihanover/Documents/dev/001-llama-listener/openai-finetune/node_modules/jest-circus/build/run.js:121:9)\n    at run (/Users/elihanover/Documents/dev/001-llama-listener/openai-finetune/node_modules/jest-circus/build/run.js:71:3)\n    at runAndTransformResultsToJestFormat (/Users/elihanover/Documents/dev/001-llama-listener/openai-finetune/node_modules/jest-circus/build/legacy-code-todo-rewrite/jestAdapterInit.js:122:21)\n    at jestAdapter (/Users/elihanover/Documents/dev/001-llama-listener/openai-finetune/node_modules/jest-circus/build/legacy-code-todo-rewrite/jestAdapter.js:79:19)\n    at runTestInternal (/Users/elihanover/Documents/dev/001-llama-listener/openai-finetune/node_modules/jest-runner/build/runTest.js:367:16)\n    at runTest (/Users/elihanover/Documents/dev/001-llama-listener/openai-finetune/node_modules/jest-runner/build/runTest.js:444:34)\n    at Object.worker (/Users/elihanover/Documents/dev/001-llama-listener/openai-finetune/node_modules/jest-runner/build/testWorker.js:106:12)"],"fullName":"loadDataset throws error on file read failure","invocations":1,"location":null,"numPassingAsserts":0,"retryReasons":[],"status":"failed","title":"throws error on file read failure"}],"endTime":1725056055456,"message":"\u001b[1m\u001b[31m  \u001b[1m● \u001b[22m\u001b[1mloadDataset › loads valid dataset correctly\u001b[39m\u001b[22m\n\n    TypeError: fs.readFile.mockResolvedValue is not a function\n\u001b[2m\u001b[22m\n\u001b[2m    \u001b[0m \u001b[90m 20 |\u001b[39m \u001b[32m      {\"prompt\": \"Test\", \"completion\": \"Case\"}\u001b[39m\u001b[22m\n\u001b[2m     \u001b[90m 21 |\u001b[39m \u001b[32m    `\u001b[39m\u001b[33m;\u001b[39m\u001b[22m\n\u001b[2m    \u001b[31m\u001b[1m>\u001b[22m\u001b[2m\u001b[39m\u001b[90m 22 |\u001b[39m     fs\u001b[33m.\u001b[39mreadFile\u001b[33m.\u001b[39mmockResolvedValue(mockData)\u001b[33m;\u001b[39m\u001b[22m\n\u001b[2m     \u001b[90m    |\u001b[39m                 \u001b[31m\u001b[1m^\u001b[22m\u001b[2m\u001b[39m\u001b[22m\n\u001b[2m     \u001b[90m 23 |\u001b[39m\u001b[22m\n\u001b[2m     \u001b[90m 24 |\u001b[39m     \u001b[36mconst\u001b[39m result \u001b[33m=\u001b[39m \u001b[36mawait\u001b[39m loadDataset(\u001b[32m\"data100.jsonl\"\u001b[39m)\u001b[33m;\u001b[39m\u001b[22m\n\u001b[2m     \u001b[90m 25 |\u001b[39m     expect(result)\u001b[33m.\u001b[39mtoEqual([\u001b[0m\u001b[22m\n\u001b[2m\u001b[22m\n\u001b[2m      \u001b[2mat Object.<anonymous> (\u001b[22m\u001b[2m\u001b[0m\u001b[36mlib/dataset/loadDataset.test.js\u001b[39m\u001b[0m\u001b[2m:22:17)\u001b[22m\u001b[2m\u001b[22m\n\n\u001b[1m\u001b[31m  \u001b[1m● \u001b[22m\u001b[1mloadDataset › filters out invalid JSON lines\u001b[39m\u001b[22m\n\n    TypeError: fs.readFile.mockResolvedValue is not a function\n\u001b[2m\u001b[22m\n\u001b[2m    \u001b[0m \u001b[90m 35 |\u001b[39m \u001b[32m      {\"prompt\": \"Another\", \"completion\": \"Valid\"}\u001b[39m\u001b[22m\n\u001b[2m     \u001b[90m 36 |\u001b[39m \u001b[32m    `\u001b[39m\u001b[33m;\u001b[39m\u001b[22m\n\u001b[2m    \u001b[31m\u001b[1m>\u001b[22m\u001b[2m\u001b[39m\u001b[90m 37 |\u001b[39m     fs\u001b[33m.\u001b[39mreadFile\u001b[33m.\u001b[39mmockResolvedValue(mockData)\u001b[33m;\u001b[39m\u001b[22m\n\u001b[2m     \u001b[90m    |\u001b[39m                 \u001b[31m\u001b[1m^\u001b[22m\u001b[2m\u001b[39m\u001b[22m\n\u001b[2m     \u001b[90m 38 |\u001b[39m\u001b[22m\n\u001b[2m     \u001b[90m 39 |\u001b[39m     \u001b[36mconst\u001b[39m result \u001b[33m=\u001b[39m \u001b[36mawait\u001b[39m loadDataset(\u001b[32m\"data100.jsonl\"\u001b[39m)\u001b[33m;\u001b[39m\u001b[22m\n\u001b[2m     \u001b[90m 40 |\u001b[39m     expect(result)\u001b[33m.\u001b[39mtoEqual([\u001b[0m\u001b[22m\n\u001b[2m\u001b[22m\n\u001b[2m      \u001b[2mat Object.<anonymous> (\u001b[22m\u001b[2m\u001b[0m\u001b[36mlib/dataset/loadDataset.test.js\u001b[39m\u001b[0m\u001b[2m:37:17)\u001b[22m\u001b[2m\u001b[22m\n\n\u001b[1m\u001b[31m  \u001b[1m● \u001b[22m\u001b[1mloadDataset › filters out entries missing prompt or completion\u001b[39m\u001b[22m\n\n    TypeError: fs.readFile.mockResolvedValue is not a function\n\u001b[2m\u001b[22m\n\u001b[2m    \u001b[0m \u001b[90m 51 |\u001b[39m \u001b[32m      {\"prompt\": \"Another\", \"completion\": \"Valid\"}\u001b[39m\u001b[22m\n\u001b[2m     \u001b[90m 52 |\u001b[39m \u001b[32m    `\u001b[39m\u001b[33m;\u001b[39m\u001b[22m\n\u001b[2m    \u001b[31m\u001b[1m>\u001b[22m\u001b[2m\u001b[39m\u001b[90m 53 |\u001b[39m     fs\u001b[33m.\u001b[39mreadFile\u001b[33m.\u001b[39mmockResolvedValue(mockData)\u001b[33m;\u001b[39m\u001b[22m\n\u001b[2m     \u001b[90m    |\u001b[39m                 \u001b[31m\u001b[1m^\u001b[22m\u001b[2m\u001b[39m\u001b[22m\n\u001b[2m     \u001b[90m 54 |\u001b[39m\u001b[22m\n\u001b[2m     \u001b[90m 55 |\u001b[39m     \u001b[36mconst\u001b[39m result \u001b[33m=\u001b[39m \u001b[36mawait\u001b[39m loadDataset(\u001b[32m\"data100.jsonl\"\u001b[39m)\u001b[33m;\u001b[39m\u001b[22m\n\u001b[2m     \u001b[90m 56 |\u001b[39m     expect(result)\u001b[33m.\u001b[39mtoEqual([\u001b[0m\u001b[22m\n\u001b[2m\u001b[22m\n\u001b[2m      \u001b[2mat Object.<anonymous> (\u001b[22m\u001b[2m\u001b[0m\u001b[36mlib/dataset/loadDataset.test.js\u001b[39m\u001b[0m\u001b[2m:53:17)\u001b[22m\u001b[2m\u001b[22m\n\n\u001b[1m\u001b[31m  \u001b[1m● \u001b[22m\u001b[1mloadDataset › handles empty file\u001b[39m\u001b[22m\n\n    TypeError: fs.readFile.mockResolvedValue is not a function\n\u001b[2m\u001b[22m\n\u001b[2m    \u001b[0m \u001b[90m 61 |\u001b[39m\u001b[22m\n\u001b[2m     \u001b[90m 62 |\u001b[39m   test(\u001b[32m\"handles empty file\"\u001b[39m\u001b[33m,\u001b[39m \u001b[36masync\u001b[39m () \u001b[33m=>\u001b[39m {\u001b[22m\n\u001b[2m    \u001b[31m\u001b[1m>\u001b[22m\u001b[2m\u001b[39m\u001b[90m 63 |\u001b[39m     fs\u001b[33m.\u001b[39mreadFile\u001b[33m.\u001b[39mmockResolvedValue(\u001b[32m\"\"\u001b[39m)\u001b[33m;\u001b[39m\u001b[22m\n\u001b[2m     \u001b[90m    |\u001b[39m                 \u001b[31m\u001b[1m^\u001b[22m\u001b[2m\u001b[39m\u001b[22m\n\u001b[2m     \u001b[90m 64 |\u001b[39m\u001b[22m\n\u001b[2m     \u001b[90m 65 |\u001b[39m     \u001b[36mconst\u001b[39m result \u001b[33m=\u001b[39m \u001b[36mawait\u001b[39m loadDataset(\u001b[32m\"dataset/empty.jsonl\"\u001b[39m)\u001b[33m;\u001b[39m\u001b[22m\n\u001b[2m     \u001b[90m 66 |\u001b[39m     expect(result)\u001b[33m.\u001b[39mtoEqual([])\u001b[33m;\u001b[39m\u001b[0m\u001b[22m\n\u001b[2m\u001b[22m\n\u001b[2m      \u001b[2mat Object.<anonymous> (\u001b[22m\u001b[2m\u001b[0m\u001b[36mlib/dataset/loadDataset.test.js\u001b[39m\u001b[0m\u001b[2m:63:17)\u001b[22m\u001b[2m\u001b[22m\n\n\u001b[1m\u001b[31m  \u001b[1m● \u001b[22m\u001b[1mloadDataset › throws error on file read failure\u001b[39m\u001b[22m\n\n    TypeError: fs.readFile.mockRejectedValue is not a function\n\u001b[2m\u001b[22m\n\u001b[2m    \u001b[0m \u001b[90m 68 |\u001b[39m\u001b[22m\n\u001b[2m     \u001b[90m 69 |\u001b[39m   test(\u001b[32m\"throws error on file read failure\"\u001b[39m\u001b[33m,\u001b[39m \u001b[36masync\u001b[39m () \u001b[33m=>\u001b[39m {\u001b[22m\n\u001b[2m    \u001b[31m\u001b[1m>\u001b[22m\u001b[2m\u001b[39m\u001b[90m 70 |\u001b[39m     fs\u001b[33m.\u001b[39mreadFile\u001b[33m.\u001b[39mmockRejectedValue(\u001b[36mnew\u001b[39m \u001b[33mError\u001b[39m(\u001b[32m\"File not found\"\u001b[39m))\u001b[33m;\u001b[39m\u001b[22m\n\u001b[2m     \u001b[90m    |\u001b[39m                 \u001b[31m\u001b[1m^\u001b[22m\u001b[2m\u001b[39m\u001b[22m\n\u001b[2m     \u001b[90m 71 |\u001b[39m\u001b[22m\n\u001b[2m     \u001b[90m 72 |\u001b[39m     \u001b[36mawait\u001b[39m expect(loadDataset(\u001b[32m\"./badData.jsonl\"\u001b[39m))\u001b[33m.\u001b[39mrejects\u001b[33m.\u001b[39mtoThrow(\u001b[22m\n\u001b[2m     \u001b[90m 73 |\u001b[39m       \u001b[32m\"File not found\"\u001b[39m\u001b[0m\u001b[22m\n\u001b[2m\u001b[22m\n\u001b[2m      \u001b[2mat Object.<anonymous> (\u001b[22m\u001b[2m\u001b[0m\u001b[36mlib/dataset/loadDataset.test.js\u001b[39m\u001b[0m\u001b[2m:70:17)\u001b[22m\u001b[2m\u001b[22m\n","name":"/Users/elihanover/Documents/dev/001-llama-listener/openai-finetune/lib/dataset/loadDataset.test.js","startTime":1725056055206,"status":"failed","summary":""},{"assertionResults":[{"ancestorTitles":["loadData"],"duration":2,"failureDetails":[{}],"failureMessages":["TypeError: readFile.mockResolvedValue is not a function\n    at Object.<anonymous> (/Users/elihanover/Documents/dev/001-llama-listener/openai-finetune/app/dataset/info/loadData.test.js:24:14)\n    at Promise.then.completed (/Users/elihanover/Documents/dev/001-llama-listener/openai-finetune/node_modules/jest-circus/build/utils.js:298:28)\n    at new Promise (<anonymous>)\n    at callAsyncCircusFn (/Users/elihanover/Documents/dev/001-llama-listener/openai-finetune/node_modules/jest-circus/build/utils.js:231:10)\n    at _callCircusTest (/Users/elihanover/Documents/dev/001-llama-listener/openai-finetune/node_modules/jest-circus/build/run.js:316:40)\n    at processTicksAndRejections (node:internal/process/task_queues:95:5)\n    at _runTest (/Users/elihanover/Documents/dev/001-llama-listener/openai-finetune/node_modules/jest-circus/build/run.js:252:3)\n    at _runTestsForDescribeBlock (/Users/elihanover/Documents/dev/001-llama-listener/openai-finetune/node_modules/jest-circus/build/run.js:126:9)\n    at _runTestsForDescribeBlock (/Users/elihanover/Documents/dev/001-llama-listener/openai-finetune/node_modules/jest-circus/build/run.js:121:9)\n    at run (/Users/elihanover/Documents/dev/001-llama-listener/openai-finetune/node_modules/jest-circus/build/run.js:71:3)\n    at runAndTransformResultsToJestFormat (/Users/elihanover/Documents/dev/001-llama-listener/openai-finetune/node_modules/jest-circus/build/legacy-code-todo-rewrite/jestAdapterInit.js:122:21)\n    at jestAdapter (/Users/elihanover/Documents/dev/001-llama-listener/openai-finetune/node_modules/jest-circus/build/legacy-code-todo-rewrite/jestAdapter.js:79:19)\n    at runTestInternal (/Users/elihanover/Documents/dev/001-llama-listener/openai-finetune/node_modules/jest-runner/build/runTest.js:367:16)\n    at runTest (/Users/elihanover/Documents/dev/001-llama-listener/openai-finetune/node_modules/jest-runner/build/runTest.js:444:34)\n    at Object.worker (/Users/elihanover/Documents/dev/001-llama-listener/openai-finetune/node_modules/jest-runner/build/testWorker.js:106:12)"],"fullName":"loadData loads and parses data from file successfully","invocations":1,"location":null,"numPassingAsserts":0,"retryReasons":[],"status":"failed","title":"loads and parses data from file successfully"},{"ancestorTitles":["loadData"],"duration":0,"failureDetails":[{}],"failureMessages":["TypeError: readFile.mockRejectedValue is not a function\n    at Object.<anonymous> (/Users/elihanover/Documents/dev/001-llama-listener/openai-finetune/app/dataset/info/loadData.test.js:38:14)\n    at Promise.then.completed (/Users/elihanover/Documents/dev/001-llama-listener/openai-finetune/node_modules/jest-circus/build/utils.js:298:28)\n    at new Promise (<anonymous>)\n    at callAsyncCircusFn (/Users/elihanover/Documents/dev/001-llama-listener/openai-finetune/node_modules/jest-circus/build/utils.js:231:10)\n    at _callCircusTest (/Users/elihanover/Documents/dev/001-llama-listener/openai-finetune/node_modules/jest-circus/build/run.js:316:40)\n    at processTicksAndRejections (node:internal/process/task_queues:95:5)\n    at _runTest (/Users/elihanover/Documents/dev/001-llama-listener/openai-finetune/node_modules/jest-circus/build/run.js:252:3)\n    at _runTestsForDescribeBlock (/Users/elihanover/Documents/dev/001-llama-listener/openai-finetune/node_modules/jest-circus/build/run.js:126:9)\n    at _runTestsForDescribeBlock (/Users/elihanover/Documents/dev/001-llama-listener/openai-finetune/node_modules/jest-circus/build/run.js:121:9)\n    at run (/Users/elihanover/Documents/dev/001-llama-listener/openai-finetune/node_modules/jest-circus/build/run.js:71:3)\n    at runAndTransformResultsToJestFormat (/Users/elihanover/Documents/dev/001-llama-listener/openai-finetune/node_modules/jest-circus/build/legacy-code-todo-rewrite/jestAdapterInit.js:122:21)\n    at jestAdapter (/Users/elihanover/Documents/dev/001-llama-listener/openai-finetune/node_modules/jest-circus/build/legacy-code-todo-rewrite/jestAdapter.js:79:19)\n    at runTestInternal (/Users/elihanover/Documents/dev/001-llama-listener/openai-finetune/node_modules/jest-runner/build/runTest.js:367:16)\n    at runTest (/Users/elihanover/Documents/dev/001-llama-listener/openai-finetune/node_modules/jest-runner/build/runTest.js:444:34)\n    at Object.worker (/Users/elihanover/Documents/dev/001-llama-listener/openai-finetune/node_modules/jest-runner/build/testWorker.js:106:12)"],"fullName":"loadData returns empty array if file does not exist","invocations":1,"location":null,"numPassingAsserts":0,"retryReasons":[],"status":"failed","title":"returns empty array if file does not exist"},{"ancestorTitles":["loadData"],"duration":0,"failureDetails":[{}],"failureMessages":["TypeError: readFile.mockRejectedValue is not a function\n    at Object.<anonymous> (/Users/elihanover/Documents/dev/001-llama-listener/openai-finetune/app/dataset/info/loadData.test.js:46:14)\n    at Promise.then.completed (/Users/elihanover/Documents/dev/001-llama-listener/openai-finetune/node_modules/jest-circus/build/utils.js:298:28)\n    at new Promise (<anonymous>)\n    at callAsyncCircusFn (/Users/elihanover/Documents/dev/001-llama-listener/openai-finetune/node_modules/jest-circus/build/utils.js:231:10)\n    at _callCircusTest (/Users/elihanover/Documents/dev/001-llama-listener/openai-finetune/node_modules/jest-circus/build/run.js:316:40)\n    at processTicksAndRejections (node:internal/process/task_queues:95:5)\n    at _runTest (/Users/elihanover/Documents/dev/001-llama-listener/openai-finetune/node_modules/jest-circus/build/run.js:252:3)\n    at _runTestsForDescribeBlock (/Users/elihanover/Documents/dev/001-llama-listener/openai-finetune/node_modules/jest-circus/build/run.js:126:9)\n    at _runTestsForDescribeBlock (/Users/elihanover/Documents/dev/001-llama-listener/openai-finetune/node_modules/jest-circus/build/run.js:121:9)\n    at run (/Users/elihanover/Documents/dev/001-llama-listener/openai-finetune/node_modules/jest-circus/build/run.js:71:3)\n    at runAndTransformResultsToJestFormat (/Users/elihanover/Documents/dev/001-llama-listener/openai-finetune/node_modules/jest-circus/build/legacy-code-todo-rewrite/jestAdapterInit.js:122:21)\n    at jestAdapter (/Users/elihanover/Documents/dev/001-llama-listener/openai-finetune/node_modules/jest-circus/build/legacy-code-todo-rewrite/jestAdapter.js:79:19)\n    at runTestInternal (/Users/elihanover/Documents/dev/001-llama-listener/openai-finetune/node_modules/jest-runner/build/runTest.js:367:16)\n    at runTest (/Users/elihanover/Documents/dev/001-llama-listener/openai-finetune/node_modules/jest-runner/build/runTest.js:444:34)\n    at Object.worker (/Users/elihanover/Documents/dev/001-llama-listener/openai-finetune/node_modules/jest-runner/build/testWorker.js:106:12)"],"fullName":"loadData rejects with error for other file reading errors","invocations":1,"location":null,"numPassingAsserts":0,"retryReasons":[],"status":"failed","title":"rejects with error for other file reading errors"}],"endTime":1725056055450,"message":"\u001b[1m\u001b[31m  \u001b[1m● \u001b[22m\u001b[1mloadData › loads and parses data from file successfully\u001b[39m\u001b[22m\n\n    TypeError: readFile.mockResolvedValue is not a function\n\u001b[2m\u001b[22m\n\u001b[2m    \u001b[0m \u001b[90m 22 |\u001b[39m\u001b[22m\n\u001b[2m     \u001b[90m 23 |\u001b[39m     \u001b[90m// Use jest.fn() to create mock functions\u001b[39m\u001b[22m\n\u001b[2m    \u001b[31m\u001b[1m>\u001b[22m\u001b[2m\u001b[39m\u001b[90m 24 |\u001b[39m     readFile\u001b[33m.\u001b[39mmockResolvedValue(mockContent)\u001b[33m;\u001b[39m\u001b[22m\n\u001b[2m     \u001b[90m    |\u001b[39m              \u001b[31m\u001b[1m^\u001b[22m\u001b[2m\u001b[39m\u001b[22m\n\u001b[2m     \u001b[90m 25 |\u001b[39m     parseFileContent\u001b[33m.\u001b[39mmockReturnValue(mockParsedContent)\u001b[33m;\u001b[39m\u001b[22m\n\u001b[2m     \u001b[90m 26 |\u001b[39m     filterValidEntries\u001b[33m.\u001b[39mmockReturnValue(mockFilteredContent)\u001b[33m;\u001b[39m\u001b[22m\n\u001b[2m     \u001b[90m 27 |\u001b[39m\u001b[0m\u001b[22m\n\u001b[2m\u001b[22m\n\u001b[2m      \u001b[2mat Object.<anonymous> (\u001b[22m\u001b[2m\u001b[0m\u001b[36mapp/dataset/info/loadData.test.js\u001b[39m\u001b[0m\u001b[2m:24:14)\u001b[22m\u001b[2m\u001b[22m\n\n\u001b[1m\u001b[31m  \u001b[1m● \u001b[22m\u001b[1mloadData › returns empty array if file does not exist\u001b[39m\u001b[22m\n\n    TypeError: readFile.mockRejectedValue is not a function\n\u001b[2m\u001b[22m\n\u001b[2m    \u001b[0m \u001b[90m 36 |\u001b[39m     \u001b[36mconst\u001b[39m error \u001b[33m=\u001b[39m \u001b[36mnew\u001b[39m \u001b[33mError\u001b[39m(\u001b[32m\"File not found\"\u001b[39m)\u001b[33m;\u001b[39m\u001b[22m\n\u001b[2m     \u001b[90m 37 |\u001b[39m     error\u001b[33m.\u001b[39mcode \u001b[33m=\u001b[39m \u001b[32m\"ENOENT\"\u001b[39m\u001b[33m;\u001b[39m\u001b[22m\n\u001b[2m    \u001b[31m\u001b[1m>\u001b[22m\u001b[2m\u001b[39m\u001b[90m 38 |\u001b[39m     readFile\u001b[33m.\u001b[39mmockRejectedValue(error)\u001b[33m;\u001b[39m\u001b[22m\n\u001b[2m     \u001b[90m    |\u001b[39m              \u001b[31m\u001b[1m^\u001b[22m\u001b[2m\u001b[39m\u001b[22m\n\u001b[2m     \u001b[90m 39 |\u001b[39m\u001b[22m\n\u001b[2m     \u001b[90m 40 |\u001b[39m     \u001b[36mconst\u001b[39m result \u001b[33m=\u001b[39m \u001b[36mawait\u001b[39m loadData(\u001b[32m\"nonexistent.txt\"\u001b[39m)\u001b[33m;\u001b[39m\u001b[22m\n\u001b[2m     \u001b[90m 41 |\u001b[39m     expect(result)\u001b[33m.\u001b[39mtoEqual([])\u001b[33m;\u001b[39m\u001b[0m\u001b[22m\n\u001b[2m\u001b[22m\n\u001b[2m      \u001b[2mat Object.<anonymous> (\u001b[22m\u001b[2m\u001b[0m\u001b[36mapp/dataset/info/loadData.test.js\u001b[39m\u001b[0m\u001b[2m:38:14)\u001b[22m\u001b[2m\u001b[22m\n\n\u001b[1m\u001b[31m  \u001b[1m● \u001b[22m\u001b[1mloadData › rejects with error for other file reading errors\u001b[39m\u001b[22m\n\n    TypeError: readFile.mockRejectedValue is not a function\n\u001b[2m\u001b[22m\n\u001b[2m    \u001b[0m \u001b[90m 44 |\u001b[39m   test(\u001b[32m\"rejects with error for other file reading errors\"\u001b[39m\u001b[33m,\u001b[39m \u001b[36masync\u001b[39m () \u001b[33m=>\u001b[39m {\u001b[22m\n\u001b[2m     \u001b[90m 45 |\u001b[39m     \u001b[36mconst\u001b[39m error \u001b[33m=\u001b[39m \u001b[36mnew\u001b[39m \u001b[33mError\u001b[39m(\u001b[32m\"Some other error\"\u001b[39m)\u001b[33m;\u001b[39m\u001b[22m\n\u001b[2m    \u001b[31m\u001b[1m>\u001b[22m\u001b[2m\u001b[39m\u001b[90m 46 |\u001b[39m     readFile\u001b[33m.\u001b[39mmockRejectedValue(error)\u001b[33m;\u001b[39m\u001b[22m\n\u001b[2m     \u001b[90m    |\u001b[39m              \u001b[31m\u001b[1m^\u001b[22m\u001b[2m\u001b[39m\u001b[22m\n\u001b[2m     \u001b[90m 47 |\u001b[39m\u001b[22m\n\u001b[2m     \u001b[90m 48 |\u001b[39m     \u001b[36mawait\u001b[39m expect(loadData(\u001b[32m\"error.txt\"\u001b[39m))\u001b[33m.\u001b[39mrejects\u001b[33m.\u001b[39mtoThrow(\u001b[32m\"Some other error\"\u001b[39m)\u001b[33m;\u001b[39m\u001b[22m\n\u001b[2m     \u001b[90m 49 |\u001b[39m   })\u001b[33m;\u001b[39m\u001b[0m\u001b[22m\n\u001b[2m\u001b[22m\n\u001b[2m      \u001b[2mat Object.<anonymous> (\u001b[22m\u001b[2m\u001b[0m\u001b[36mapp/dataset/info/loadData.test.js\u001b[39m\u001b[0m\u001b[2m:46:14)\u001b[22m\u001b[2m\u001b[22m\n","name":"/Users/elihanover/Documents/dev/001-llama-listener/openai-finetune/app/dataset/info/loadData.test.js","startTime":1725056055206,"status":"failed","summary":""},{"assertionResults":[{"ancestorTitles":["getDatasetInfo"],"duration":4,"failureDetails":[{}],"failureMessages":["TypeError: ora.mockReturnValue is not a function\n    at Object.<anonymous> (/Users/elihanover/Documents/dev/001-llama-listener/openai-finetune/app/dataset/info/getDatasetInfo.test.js:11:9)\n    at Promise.then.completed (/Users/elihanover/Documents/dev/001-llama-listener/openai-finetune/node_modules/jest-circus/build/utils.js:298:28)\n    at new Promise (<anonymous>)\n    at callAsyncCircusFn (/Users/elihanover/Documents/dev/001-llama-listener/openai-finetune/node_modules/jest-circus/build/utils.js:231:10)\n    at _callCircusHook (/Users/elihanover/Documents/dev/001-llama-listener/openai-finetune/node_modules/jest-circus/build/run.js:281:40)\n    at processTicksAndRejections (node:internal/process/task_queues:95:5)\n    at _runTest (/Users/elihanover/Documents/dev/001-llama-listener/openai-finetune/node_modules/jest-circus/build/run.js:246:5)\n    at _runTestsForDescribeBlock (/Users/elihanover/Documents/dev/001-llama-listener/openai-finetune/node_modules/jest-circus/build/run.js:126:9)\n    at _runTestsForDescribeBlock (/Users/elihanover/Documents/dev/001-llama-listener/openai-finetune/node_modules/jest-circus/build/run.js:121:9)\n    at run (/Users/elihanover/Documents/dev/001-llama-listener/openai-finetune/node_modules/jest-circus/build/run.js:71:3)\n    at runAndTransformResultsToJestFormat (/Users/elihanover/Documents/dev/001-llama-listener/openai-finetune/node_modules/jest-circus/build/legacy-code-todo-rewrite/jestAdapterInit.js:122:21)\n    at jestAdapter (/Users/elihanover/Documents/dev/001-llama-listener/openai-finetune/node_modules/jest-circus/build/legacy-code-todo-rewrite/jestAdapter.js:79:19)\n    at runTestInternal (/Users/elihanover/Documents/dev/001-llama-listener/openai-finetune/node_modules/jest-runner/build/runTest.js:367:16)\n    at runTest (/Users/elihanover/Documents/dev/001-llama-listener/openai-finetune/node_modules/jest-runner/build/runTest.js:444:34)\n    at Object.worker (/Users/elihanover/Documents/dev/001-llama-listener/openai-finetune/node_modules/jest-runner/build/testWorker.js:106:12)"],"fullName":"getDatasetInfo returns correct dataset info","invocations":1,"location":null,"numPassingAsserts":0,"retryReasons":[],"status":"failed","title":"returns correct dataset info"},{"ancestorTitles":["getDatasetInfo"],"duration":1,"failureDetails":[{}],"failureMessages":["TypeError: ora.mockReturnValue is not a function\n    at Object.<anonymous> (/Users/elihanover/Documents/dev/001-llama-listener/openai-finetune/app/dataset/info/getDatasetInfo.test.js:11:9)\n    at Promise.then.completed (/Users/elihanover/Documents/dev/001-llama-listener/openai-finetune/node_modules/jest-circus/build/utils.js:298:28)\n    at new Promise (<anonymous>)\n    at callAsyncCircusFn (/Users/elihanover/Documents/dev/001-llama-listener/openai-finetune/node_modules/jest-circus/build/utils.js:231:10)\n    at _callCircusHook (/Users/elihanover/Documents/dev/001-llama-listener/openai-finetune/node_modules/jest-circus/build/run.js:281:40)\n    at processTicksAndRejections (node:internal/process/task_queues:95:5)\n    at _runTest (/Users/elihanover/Documents/dev/001-llama-listener/openai-finetune/node_modules/jest-circus/build/run.js:246:5)\n    at _runTestsForDescribeBlock (/Users/elihanover/Documents/dev/001-llama-listener/openai-finetune/node_modules/jest-circus/build/run.js:126:9)\n    at _runTestsForDescribeBlock (/Users/elihanover/Documents/dev/001-llama-listener/openai-finetune/node_modules/jest-circus/build/run.js:121:9)\n    at run (/Users/elihanover/Documents/dev/001-llama-listener/openai-finetune/node_modules/jest-circus/build/run.js:71:3)\n    at runAndTransformResultsToJestFormat (/Users/elihanover/Documents/dev/001-llama-listener/openai-finetune/node_modules/jest-circus/build/legacy-code-todo-rewrite/jestAdapterInit.js:122:21)\n    at jestAdapter (/Users/elihanover/Documents/dev/001-llama-listener/openai-finetune/node_modules/jest-circus/build/legacy-code-todo-rewrite/jestAdapter.js:79:19)\n    at runTestInternal (/Users/elihanover/Documents/dev/001-llama-listener/openai-finetune/node_modules/jest-runner/build/runTest.js:367:16)\n    at runTest (/Users/elihanover/Documents/dev/001-llama-listener/openai-finetune/node_modules/jest-runner/build/runTest.js:444:34)\n    at Object.worker (/Users/elihanover/Documents/dev/001-llama-listener/openai-finetune/node_modules/jest-runner/build/testWorker.js:106:12)"],"fullName":"getDatasetInfo handles empty datasets","invocations":1,"location":null,"numPassingAsserts":0,"retryReasons":[],"status":"failed","title":"handles empty datasets"},{"ancestorTitles":["getDatasetInfo"],"duration":0,"failureDetails":[{}],"failureMessages":["TypeError: ora.mockReturnValue is not a function\n    at Object.<anonymous> (/Users/elihanover/Documents/dev/001-llama-listener/openai-finetune/app/dataset/info/getDatasetInfo.test.js:11:9)\n    at Promise.then.completed (/Users/elihanover/Documents/dev/001-llama-listener/openai-finetune/node_modules/jest-circus/build/utils.js:298:28)\n    at new Promise (<anonymous>)\n    at callAsyncCircusFn (/Users/elihanover/Documents/dev/001-llama-listener/openai-finetune/node_modules/jest-circus/build/utils.js:231:10)\n    at _callCircusHook (/Users/elihanover/Documents/dev/001-llama-listener/openai-finetune/node_modules/jest-circus/build/run.js:281:40)\n    at processTicksAndRejections (node:internal/process/task_queues:95:5)\n    at _runTest (/Users/elihanover/Documents/dev/001-llama-listener/openai-finetune/node_modules/jest-circus/build/run.js:246:5)\n    at _runTestsForDescribeBlock (/Users/elihanover/Documents/dev/001-llama-listener/openai-finetune/node_modules/jest-circus/build/run.js:126:9)\n    at _runTestsForDescribeBlock (/Users/elihanover/Documents/dev/001-llama-listener/openai-finetune/node_modules/jest-circus/build/run.js:121:9)\n    at run (/Users/elihanover/Documents/dev/001-llama-listener/openai-finetune/node_modules/jest-circus/build/run.js:71:3)\n    at runAndTransformResultsToJestFormat (/Users/elihanover/Documents/dev/001-llama-listener/openai-finetune/node_modules/jest-circus/build/legacy-code-todo-rewrite/jestAdapterInit.js:122:21)\n    at jestAdapter (/Users/elihanover/Documents/dev/001-llama-listener/openai-finetune/node_modules/jest-circus/build/legacy-code-todo-rewrite/jestAdapter.js:79:19)\n    at runTestInternal (/Users/elihanover/Documents/dev/001-llama-listener/openai-finetune/node_modules/jest-runner/build/runTest.js:367:16)\n    at runTest (/Users/elihanover/Documents/dev/001-llama-listener/openai-finetune/node_modules/jest-runner/build/runTest.js:444:34)\n    at Object.worker (/Users/elihanover/Documents/dev/001-llama-listener/openai-finetune/node_modules/jest-runner/build/testWorker.js:106:12)"],"fullName":"getDatasetInfo uses ora for displaying loading progress","invocations":1,"location":null,"numPassingAsserts":0,"retryReasons":[],"status":"failed","title":"uses ora for displaying loading progress"}],"endTime":1725056055481,"message":"\u001b[1m\u001b[31m  \u001b[1m● \u001b[22m\u001b[1mgetDatasetInfo › returns correct dataset info\u001b[39m\u001b[22m\n\n    TypeError: ora.mockReturnValue is not a function\n\u001b[2m\u001b[22m\n\u001b[2m    \u001b[0m \u001b[90m  9 |\u001b[39m describe(\u001b[32m\"getDatasetInfo\"\u001b[39m\u001b[33m,\u001b[39m () \u001b[33m=>\u001b[39m {\u001b[22m\n\u001b[2m     \u001b[90m 10 |\u001b[39m   beforeEach(() \u001b[33m=>\u001b[39m {\u001b[22m\n\u001b[2m    \u001b[31m\u001b[1m>\u001b[22m\u001b[2m\u001b[39m\u001b[90m 11 |\u001b[39m     ora\u001b[33m.\u001b[39mmockReturnValue({\u001b[22m\n\u001b[2m     \u001b[90m    |\u001b[39m         \u001b[31m\u001b[1m^\u001b[22m\u001b[2m\u001b[39m\u001b[22m\n\u001b[2m     \u001b[90m 12 |\u001b[39m       start\u001b[33m:\u001b[39m jest\u001b[33m.\u001b[39mfn()\u001b[33m.\u001b[39mmockReturnThis()\u001b[33m,\u001b[39m\u001b[22m\n\u001b[2m     \u001b[90m 13 |\u001b[39m       succeed\u001b[33m:\u001b[39m jest\u001b[33m.\u001b[39mfn()\u001b[33m,\u001b[39m\u001b[22m\n\u001b[2m     \u001b[90m 14 |\u001b[39m     })\u001b[33m;\u001b[39m\u001b[0m\u001b[22m\n\u001b[2m\u001b[22m\n\u001b[2m      \u001b[2mat Object.<anonymous> (\u001b[22m\u001b[2m\u001b[0m\u001b[36mapp/dataset/info/getDatasetInfo.test.js\u001b[39m\u001b[0m\u001b[2m:11:9)\u001b[22m\u001b[2m\u001b[22m\n\n\u001b[1m\u001b[31m  \u001b[1m● \u001b[22m\u001b[1mgetDatasetInfo › handles empty datasets\u001b[39m\u001b[22m\n\n    TypeError: ora.mockReturnValue is not a function\n\u001b[2m\u001b[22m\n\u001b[2m    \u001b[0m \u001b[90m  9 |\u001b[39m describe(\u001b[32m\"getDatasetInfo\"\u001b[39m\u001b[33m,\u001b[39m () \u001b[33m=>\u001b[39m {\u001b[22m\n\u001b[2m     \u001b[90m 10 |\u001b[39m   beforeEach(() \u001b[33m=>\u001b[39m {\u001b[22m\n\u001b[2m    \u001b[31m\u001b[1m>\u001b[22m\u001b[2m\u001b[39m\u001b[90m 11 |\u001b[39m     ora\u001b[33m.\u001b[39mmockReturnValue({\u001b[22m\n\u001b[2m     \u001b[90m    |\u001b[39m         \u001b[31m\u001b[1m^\u001b[22m\u001b[2m\u001b[39m\u001b[22m\n\u001b[2m     \u001b[90m 12 |\u001b[39m       start\u001b[33m:\u001b[39m jest\u001b[33m.\u001b[39mfn()\u001b[33m.\u001b[39mmockReturnThis()\u001b[33m,\u001b[39m\u001b[22m\n\u001b[2m     \u001b[90m 13 |\u001b[39m       succeed\u001b[33m:\u001b[39m jest\u001b[33m.\u001b[39mfn()\u001b[33m,\u001b[39m\u001b[22m\n\u001b[2m     \u001b[90m 14 |\u001b[39m     })\u001b[33m;\u001b[39m\u001b[0m\u001b[22m\n\u001b[2m\u001b[22m\n\u001b[2m      \u001b[2mat Object.<anonymous> (\u001b[22m\u001b[2m\u001b[0m\u001b[36mapp/dataset/info/getDatasetInfo.test.js\u001b[39m\u001b[0m\u001b[2m:11:9)\u001b[22m\u001b[2m\u001b[22m\n\n\u001b[1m\u001b[31m  \u001b[1m● \u001b[22m\u001b[1mgetDatasetInfo › uses ora for displaying loading progress\u001b[39m\u001b[22m\n\n    TypeError: ora.mockReturnValue is not a function\n\u001b[2m\u001b[22m\n\u001b[2m    \u001b[0m \u001b[90m  9 |\u001b[39m describe(\u001b[32m\"getDatasetInfo\"\u001b[39m\u001b[33m,\u001b[39m () \u001b[33m=>\u001b[39m {\u001b[22m\n\u001b[2m     \u001b[90m 10 |\u001b[39m   beforeEach(() \u001b[33m=>\u001b[39m {\u001b[22m\n\u001b[2m    \u001b[31m\u001b[1m>\u001b[22m\u001b[2m\u001b[39m\u001b[90m 11 |\u001b[39m     ora\u001b[33m.\u001b[39mmockReturnValue({\u001b[22m\n\u001b[2m     \u001b[90m    |\u001b[39m         \u001b[31m\u001b[1m^\u001b[22m\u001b[2m\u001b[39m\u001b[22m\n\u001b[2m     \u001b[90m 12 |\u001b[39m       start\u001b[33m:\u001b[39m jest\u001b[33m.\u001b[39mfn()\u001b[33m.\u001b[39mmockReturnThis()\u001b[33m,\u001b[39m\u001b[22m\n\u001b[2m     \u001b[90m 13 |\u001b[39m       succeed\u001b[33m:\u001b[39m jest\u001b[33m.\u001b[39mfn()\u001b[33m,\u001b[39m\u001b[22m\n\u001b[2m     \u001b[90m 14 |\u001b[39m     })\u001b[33m;\u001b[39m\u001b[0m\u001b[22m\n\u001b[2m\u001b[22m\n\u001b[2m      \u001b[2mat Object.<anonymous> (\u001b[22m\u001b[2m\u001b[0m\u001b[36mapp/dataset/info/getDatasetInfo.test.js\u001b[39m\u001b[0m\u001b[2m:11:9)\u001b[22m\u001b[2m\u001b[22m\n","name":"/Users/elihanover/Documents/dev/001-llama-listener/openai-finetune/app/dataset/info/getDatasetInfo.test.js","startTime":1725056055205,"status":"failed","summary":""},{"assertionResults":[{"ancestorTitles":["filterValidEntries"],"duration":1,"failureDetails":[],"failureMessages":[],"fullName":"filterValidEntries filters out null entries","invocations":1,"location":null,"numPassingAsserts":1,"retryReasons":[],"status":"passed","title":"filters out null entries"},{"ancestorTitles":["filterValidEntries"],"duration":1,"failureDetails":[],"failureMessages":[],"fullName":"filterValidEntries keeps non-null entries","invocations":1,"location":null,"numPassingAsserts":1,"retryReasons":[],"status":"passed","title":"keeps non-null entries"},{"ancestorTitles":["filterValidEntries"],"duration":0,"failureDetails":[],"failureMessages":[],"fullName":"filterValidEntries returns empty array if all entries are null","invocations":1,"location":null,"numPassingAsserts":1,"retryReasons":[],"status":"passed","title":"returns empty array if all entries are null"}],"endTime":1725056055520,"message":"","name":"/Users/elihanover/Documents/dev/001-llama-listener/openai-finetune/app/dataset/info/filterValidEntries.test.js","startTime":1725056055463,"status":"passed","summary":""},{"assertionResults":[{"ancestorTitles":["formatInfoLine"],"duration":4,"failureDetails":[{"matcherResult":{"actual":"\u001b[36m│ \u001b[39m\u001b[1mTotal:\u001b[22m\u001b[32m   42\u001b[39m\u001b[36m│\u001b[39m","expected":"cyan(│ )bold(Total:)green(   42)cyan(│)","message":"\u001b[2mexpect(\u001b[22m\u001b[31mreceived\u001b[39m\u001b[2m).\u001b[22mtoBe\u001b[2m(\u001b[22m\u001b[32mexpected\u001b[39m\u001b[2m) // Object.is equality\u001b[22m\n\nExpected: \u001b[32m\"cyan(│ )bold(Total:)green(   42)cyan(│)\"\u001b[39m\nReceived: \u001b[31m\"\u001b[36m│ \u001b[39m\u001b[31m\u001b[1mTotal:\u001b[22m\u001b[32m   42\u001b[39m\u001b[31m\u001b[36m│\u001b[39m\u001b[31m\"\u001b[39m","name":"toBe","pass":false}}],"failureMessages":["Error: \u001b[2mexpect(\u001b[22m\u001b[31mreceived\u001b[39m\u001b[2m).\u001b[22mtoBe\u001b[2m(\u001b[22m\u001b[32mexpected\u001b[39m\u001b[2m) // Object.is equality\u001b[22m\n\nExpected: \u001b[32m\"cyan(│ )bold(Total:)green(   42)cyan(│)\"\u001b[39m\nReceived: \u001b[31m\"\u001b[36m│ \u001b[39m\u001b[31m\u001b[1mTotal:\u001b[22m\u001b[32m   42\u001b[39m\u001b[31m\u001b[36m│\u001b[39m\u001b[31m\"\u001b[39m\n    at Object.<anonymous> (/Users/elihanover/Documents/dev/001-llama-listener/openai-finetune/app/dataset/info/formatInfoLine.test.js:15:20)\n    at Promise.then.completed (/Users/elihanover/Documents/dev/001-llama-listener/openai-finetune/node_modules/jest-circus/build/utils.js:298:28)\n    at new Promise (<anonymous>)\n    at callAsyncCircusFn (/Users/elihanover/Documents/dev/001-llama-listener/openai-finetune/node_modules/jest-circus/build/utils.js:231:10)\n    at _callCircusTest (/Users/elihanover/Documents/dev/001-llama-listener/openai-finetune/node_modules/jest-circus/build/run.js:316:40)\n    at processTicksAndRejections (node:internal/process/task_queues:95:5)\n    at _runTest (/Users/elihanover/Documents/dev/001-llama-listener/openai-finetune/node_modules/jest-circus/build/run.js:252:3)\n    at _runTestsForDescribeBlock (/Users/elihanover/Documents/dev/001-llama-listener/openai-finetune/node_modules/jest-circus/build/run.js:126:9)\n    at _runTestsForDescribeBlock (/Users/elihanover/Documents/dev/001-llama-listener/openai-finetune/node_modules/jest-circus/build/run.js:121:9)\n    at run (/Users/elihanover/Documents/dev/001-llama-listener/openai-finetune/node_modules/jest-circus/build/run.js:71:3)\n    at runAndTransformResultsToJestFormat (/Users/elihanover/Documents/dev/001-llama-listener/openai-finetune/node_modules/jest-circus/build/legacy-code-todo-rewrite/jestAdapterInit.js:122:21)\n    at jestAdapter (/Users/elihanover/Documents/dev/001-llama-listener/openai-finetune/node_modules/jest-circus/build/legacy-code-todo-rewrite/jestAdapter.js:79:19)\n    at runTestInternal (/Users/elihanover/Documents/dev/001-llama-listener/openai-finetune/node_modules/jest-runner/build/runTest.js:367:16)\n    at runTest (/Users/elihanover/Documents/dev/001-llama-listener/openai-finetune/node_modules/jest-runner/build/runTest.js:444:34)\n    at Object.worker (/Users/elihanover/Documents/dev/001-llama-listener/openai-finetune/node_modules/jest-runner/build/testWorker.js:106:12)"],"fullName":"formatInfoLine formats info line with correct label, value, and color","invocations":1,"location":null,"numPassingAsserts":0,"retryReasons":[],"status":"failed","title":"formats info line with correct label, value, and color"},{"ancestorTitles":["formatInfoLine"],"duration":1,"failureDetails":[{"matcherResult":{"actual":"\u001b[36m│ \u001b[39m\u001b[1mCount:\u001b[22m\u001b[33m    5\u001b[39m\u001b[36m│\u001b[39m","expected":"cyan(│ )bold(Count:)yellow(    5)cyan(│)","message":"\u001b[2mexpect(\u001b[22m\u001b[31mreceived\u001b[39m\u001b[2m).\u001b[22mtoBe\u001b[2m(\u001b[22m\u001b[32mexpected\u001b[39m\u001b[2m) // Object.is equality\u001b[22m\n\nExpected: \u001b[32m\"cyan(│ )bold(Count:)yellow(    5)cyan(│)\"\u001b[39m\nReceived: \u001b[31m\"\u001b[36m│ \u001b[39m\u001b[31m\u001b[1mCount:\u001b[22m\u001b[33m    5\u001b[39m\u001b[31m\u001b[36m│\u001b[39m\u001b[31m\"\u001b[39m","name":"toBe","pass":false}}],"failureMessages":["Error: \u001b[2mexpect(\u001b[22m\u001b[31mreceived\u001b[39m\u001b[2m).\u001b[22mtoBe\u001b[2m(\u001b[22m\u001b[32mexpected\u001b[39m\u001b[2m) // Object.is equality\u001b[22m\n\nExpected: \u001b[32m\"cyan(│ )bold(Count:)yellow(    5)cyan(│)\"\u001b[39m\nReceived: \u001b[31m\"\u001b[36m│ \u001b[39m\u001b[31m\u001b[1mCount:\u001b[22m\u001b[33m    5\u001b[39m\u001b[31m\u001b[36m│\u001b[39m\u001b[31m\"\u001b[39m\n    at Object.<anonymous> (/Users/elihanover/Documents/dev/001-llama-listener/openai-finetune/app/dataset/info/formatInfoLine.test.js:20:20)\n    at Promise.then.completed (/Users/elihanover/Documents/dev/001-llama-listener/openai-finetune/node_modules/jest-circus/build/utils.js:298:28)\n    at new Promise (<anonymous>)\n    at callAsyncCircusFn (/Users/elihanover/Documents/dev/001-llama-listener/openai-finetune/node_modules/jest-circus/build/utils.js:231:10)\n    at _callCircusTest (/Users/elihanover/Documents/dev/001-llama-listener/openai-finetune/node_modules/jest-circus/build/run.js:316:40)\n    at processTicksAndRejections (node:internal/process/task_queues:95:5)\n    at _runTest (/Users/elihanover/Documents/dev/001-llama-listener/openai-finetune/node_modules/jest-circus/build/run.js:252:3)\n    at _runTestsForDescribeBlock (/Users/elihanover/Documents/dev/001-llama-listener/openai-finetune/node_modules/jest-circus/build/run.js:126:9)\n    at _runTestsForDescribeBlock (/Users/elihanover/Documents/dev/001-llama-listener/openai-finetune/node_modules/jest-circus/build/run.js:121:9)\n    at run (/Users/elihanover/Documents/dev/001-llama-listener/openai-finetune/node_modules/jest-circus/build/run.js:71:3)\n    at runAndTransformResultsToJestFormat (/Users/elihanover/Documents/dev/001-llama-listener/openai-finetune/node_modules/jest-circus/build/legacy-code-todo-rewrite/jestAdapterInit.js:122:21)\n    at jestAdapter (/Users/elihanover/Documents/dev/001-llama-listener/openai-finetune/node_modules/jest-circus/build/legacy-code-todo-rewrite/jestAdapter.js:79:19)\n    at runTestInternal (/Users/elihanover/Documents/dev/001-llama-listener/openai-finetune/node_modules/jest-runner/build/runTest.js:367:16)\n    at runTest (/Users/elihanover/Documents/dev/001-llama-listener/openai-finetune/node_modules/jest-runner/build/runTest.js:444:34)\n    at Object.worker (/Users/elihanover/Documents/dev/001-llama-listener/openai-finetune/node_modules/jest-runner/build/testWorker.js:106:12)"],"fullName":"formatInfoLine pads the value to 5 characters","invocations":1,"location":null,"numPassingAsserts":0,"retryReasons":[],"status":"failed","title":"pads the value to 5 characters"},{"ancestorTitles":["formatInfoLine"],"duration":1,"failureDetails":[{}],"failureMessages":["Error: \u001b[2mexpect(\u001b[22m\u001b[31mreceived\u001b[39m\u001b[2m).\u001b[22mtoHaveBeenCalledWith\u001b[2m(\u001b[22m\u001b[32m...expected\u001b[39m\u001b[2m)\u001b[22m\n\n\u001b[1mMatcher error\u001b[22m: \u001b[31mreceived\u001b[39m value must be a mock or spy function\n\nReceived has type:  function\nReceived has value: \u001b[31m[Function builder]\u001b[39m\n    at Object.<anonymous> (/Users/elihanover/Documents/dev/001-llama-listener/openai-finetune/app/dataset/info/formatInfoLine.test.js:25:24)\n    at Promise.then.completed (/Users/elihanover/Documents/dev/001-llama-listener/openai-finetune/node_modules/jest-circus/build/utils.js:298:28)\n    at new Promise (<anonymous>)\n    at callAsyncCircusFn (/Users/elihanover/Documents/dev/001-llama-listener/openai-finetune/node_modules/jest-circus/build/utils.js:231:10)\n    at _callCircusTest (/Users/elihanover/Documents/dev/001-llama-listener/openai-finetune/node_modules/jest-circus/build/run.js:316:40)\n    at processTicksAndRejections (node:internal/process/task_queues:95:5)\n    at _runTest (/Users/elihanover/Documents/dev/001-llama-listener/openai-finetune/node_modules/jest-circus/build/run.js:252:3)\n    at _runTestsForDescribeBlock (/Users/elihanover/Documents/dev/001-llama-listener/openai-finetune/node_modules/jest-circus/build/run.js:126:9)\n    at _runTestsForDescribeBlock (/Users/elihanover/Documents/dev/001-llama-listener/openai-finetune/node_modules/jest-circus/build/run.js:121:9)\n    at run (/Users/elihanover/Documents/dev/001-llama-listener/openai-finetune/node_modules/jest-cir
[...]
[31m\u001b[1m^\u001b[22m\u001b[2m\u001b[39m\u001b[22m\n\u001b[2m     \u001b[90m 12 |\u001b[39m       \u001b[33m.\u001b[39mmockReturnValueOnce({ id\u001b[33m:\u001b[39m \u001b[35m2\u001b[39m })\u001b[22m\n\u001b[2m     \u001b[90m 13 |\u001b[39m       \u001b[33m.\u001b[39mmockReturnValueOnce({ id\u001b[33m:\u001b[39m \u001b[35m3\u001b[39m })\u001b[33m;\u001b[39m\u001b[22m\n\u001b[2m     \u001b[90m 14 |\u001b[39m\u001b[0m\u001b[22m\n\u001b[2m\u001b[22m\n\u001b[2m      \u001b[2mat Object.<anonymous> (\u001b[22m\u001b[2m\u001b[0m\u001b[36mapp/dataset/info/parseFileContent.test.js\u001b[39m\u001b[0m\u001b[2m:11:8)\u001b[22m\u001b[2m\u001b[22m\n\n\u001b[1m\u001b[31m  \u001b[1m● \u001b[22m\u001b[1mparseFileContent › filters out empty lines\u001b[39m\u001b[22m\n\n    TypeError: parseJsonLine.mockReturnValueOnce is not a function\n\u001b[2m\u001b[22m\n\u001b[2m    \u001b[0m \u001b[90m 21 |\u001b[39m     \u001b[36mconst\u001b[39m content \u001b[33m=\u001b[39m \u001b[32m\"line1\\n\\nline2\\n\\n\\nline3\"\u001b[39m\u001b[33m;\u001b[39m\u001b[22m\n\u001b[2m     \u001b[90m 22 |\u001b[39m     parseJsonLine\u001b[22m\n\u001b[2m    \u001b[31m\u001b[1m>\u001b[22m\u001b[2m\u001b[39m\u001b[90m 23 |\u001b[39m       \u001b[33m.\u001b[39mmockReturnValueOnce({ id\u001b[33m:\u001b[39m \u001b[35m1\u001b[39m })\u001b[22m\n\u001b[2m     \u001b[90m    |\u001b[39m        \u001b[31m\u001b[1m^\u001b[22m\u001b[2m\u001b[39m\u001b[22m\n\u001b[2m     \u001b[90m 24 |\u001b[39m       \u001b[33m.\u001b[39mmockReturnValueOnce({ id\u001b[33m:\u001b[39m \u001b[35m2\u001b[39m })\u001b[22m\n\u001b[2m     \u001b[90m 25 |\u001b[39m       \u001b[33m.\u001b[39mmockReturnValueOnce({ id\u001b[33m:\u001b[39m \u001b[35m3\u001b[39m })\u001b[33m;\u001b[39m\u001b[22m\n\u001b[2m     \u001b[90m 26 |\u001b[39m\u001b[0m\u001b[22m\n\u001b[2m\u001b[22m\n\u001b[2m      \u001b[2mat Object.<anonymous> (\u001b[22m\u001b[2m\u001b[0m\u001b[36mapp/dataset/info/parseFileContent.test.js\u001b[39m\u001b[0m\u001b[2m:23:8)\u001b[22m\u001b[2m\u001b[22m\n\n\u001b[1m\u001b[31m  \u001b[1m● \u001b[22m\u001b[1mparseFileContent › uses parseJsonLine for each non-empty line\u001b[39m\u001b[22m\n\n    TypeError: parseJsonLine.mockReturnValueOnce is not a function\n\u001b[2m\u001b[22m\n\u001b[2m    \u001b[0m \u001b[90m 32 |\u001b[39m   test(\u001b[32m\"uses parseJsonLine for each non-empty line\"\u001b[39m\u001b[33m,\u001b[39m () \u001b[33m=>\u001b[39m {\u001b[22m\n\u001b[2m     \u001b[90m 33 |\u001b[39m     \u001b[36mconst\u001b[39m content \u001b[33m=\u001b[39m \u001b[32m\"line1\\nline2\"\u001b[39m\u001b[33m;\u001b[39m\u001b[22m\n\u001b[2m    \u001b[31m\u001b[1m>\u001b[22m\u001b[2m\u001b[39m\u001b[90m 34 |\u001b[39m     parseJsonLine\u001b[33m.\u001b[39mmockReturnValueOnce({ id\u001b[33m:\u001b[39m \u001b[35m1\u001b[39m })\u001b[33m.\u001b[39mmockReturnValueOnce({ id\u001b[33m:\u001b[39m \u001b[35m2\u001b[39m })\u001b[33m;\u001b[39m\u001b[22m\n\u001b[2m     \u001b[90m    |\u001b[39m                   \u001b[31m\u001b[1m^\u001b[22m\u001b[2m\u001b[39m\u001b[22m\n\u001b[2m     \u001b[90m 35 |\u001b[39m\u001b[22m\n\u001b[2m     \u001b[90m 36 |\u001b[39m     parseFileContent(content)\u001b[33m;\u001b[39m\u001b[22m\n\u001b[2m     \u001b[90m 37 |\u001b[39m     expect(parseJsonLine)\u001b[33m.\u001b[39mtoHaveBeenCalledWith(\u001b[32m\"line1\"\u001b[39m)\u001b[33m;\u001b[39m\u001b[0m\u001b[22m\n\u001b[2m\u001b[22m\n\u001b[2m      \u001b[2mat Object.<anonymous> (\u001b[22m\u001b[2m\u001b[0m\u001b[36mapp/dataset/info/parseFileContent.test.js\u001b[39m\u001b[0m\u001b[2m:34:19)\u001b[22m\u001b[2m\u001b[22m\n","name":"/Users/elihanover/Documents/dev/001-llama-listener/openai-finetune/app/dataset/info/parseFileContent.test.js","startTime":1725056055460,"status":"failed","summary":""}],"wasInterrupted":false,"coverageMap":{"/Users/elihanover/Documents/dev/001-llama-listener/openai-finetune/lib/schema/datasetSchema.js":{"path":"/Users/elihanover/Documents/dev/001-llama-listener/openai-finetune/lib/schema/datasetSchema.js","statementMap":{"0":{"start":{"line":3,"column":29},"end":{"line":7,"column":2}},"1":{"start":{"line":9,"column":27},"end":{"line":21,"column":2}},"2":{"start":{"line":14,"column":8},"end":{"line":16,"column":40}}},"fnMap":{"0":{"name":"(anonymous_0)","decl":{"start":{"line":13,"column":6},"end":{"line":13,"column":7}},"loc":{"start":{"line":14,"column":8},"end":{"line":16,"column":40}},"line":14}},"branchMap":{"0":{"loc":{"start":{"line":14,"column":8},"end":{"line":16,"column":40}},"type":"binary-expr","locations":[{"start":{"line":14,"column":8},"end":{"line":14,"column":37}},{"start":{"line":15,"column":8},"end":{"line":15,"column":35}},{"start":{"line":16,"column":8},"end":{"line":16,"column":40}}],"line":14}},"s":{"0":4,"1":4,"2":0},"f":{"0":0},"b":{"0":[0,0,0]},"inputSourceMap":null,"_coverageSchema":"1a1c01bbd47fc00a2c39e90264f33305004495a9","hash":"11cd55e0e1dc25f3f619fc4d53b1ea280ca631a8"},"/Users/elihanover/Documents/dev/001-llama-listener/openai-finetune/app/dataset/info/parseJsonLine.js":{"path":"/Users/elihanover/Documents/dev/001-llama-listener/openai-finetune/app/dataset/info/parseJsonLine.js","statementMap":{"0":{"start":{"line":4,"column":22},"end":{"line":11,"column":1}},"1":{"start":{"line":5,"column":2},"end":{"line":10,"column":3}},"2":{"start":{"line":6,"column":4},"end":{"line":6,"column":47}},"3":{"start":{"line":8,"column":4},"end":{"line":8,"column":55}},"4":{"start":{"line":9,"column":4},"end":{"line":9,"column":16}}},"fnMap":{"0":{"name":"(anonymous_0)","decl":{"start":{"line":4,"column":22},"end":{"line":4,"column":23}},"loc":{"start":{"line":4,"column":32},"end":{"line":11,"column":1}},"line":4}},"branchMap":{},"s":{"0":4,"1":0,"2":0,"3":0,"4":0},"f":{"0":0},"b":{},"inputSourceMap":null,"_coverageSchema":"1a1c01bbd47fc00a2c39e90264f33305004495a9","hash":"5c4d80ebc3b521524f406b853742c393d8f91d7d"},"/Users/elihanover/Documents/dev/001-llama-listener/openai-finetune/app/dataset/info/createColorGradient.js":{"path":"/Users/elihanover/Documents/dev/001-llama-listener/openai-finetune/app/dataset/info/createColorGradient.js","statementMap":{"0":{"start":{"line":3,"column":28},"end":{"line":7,"column":15}},"1":{"start":{"line":4,"column":2},"end":{"line":7,"column":15}},"2":{"start":{"line":6,"column":26},"end":{"line":6,"column":68}}},"fnMap":{"0":{"name":"(anonymous_0)","decl":{"start":{"line":3,"column":28},"end":{"line":3,"column":29}},"loc":{"start":{"line":4,"column":2},"end":{"line":7,"column":15}},"line":4},"1":{"name":"(anonymous_1)","decl":{"start":{"line":6,"column":9},"end":{"line":6,"column":10}},"loc":{"start":{"line":6,"column":26},"end":{"line":6,"column":68}},"line":6}},"branchMap":{},"s":{"0":1,"1":3,"2":8},"f":{"0":3,"1":8},"b":{},"inputSourceMap":null,"_coverageSchema":"1a1c01bbd47fc00a2c39e90264f33305004495a9","hash":"aa9c1dafd1762a5de0ba1b77d2be3ca05157ec3c"},"/Users/elihanover/Documents/dev/001-llama-listener/openai-finetune/lib/dataset/createRandomSubsets.js":{"path":"/Users/elihanover/Documents/dev/001-llama-listener/openai-finetune/lib/dataset/createRandomSubsets.js","statementMap":{"0":{"start":{"line":2,"column":28},"end":{"line":6,"column":1}},"1":{"start":{"line":3,"column":2},"end":{"line":5,"column":4}},"2":{"start":{"line":4,"column":4},"end":{"line":4,"column":64}},"3":{"start":{"line":4,"column":23},"end":{"line":4,"column":42}}},"fnMap":{"0":{"name":"(anonymous_0)","decl":{"start":{"line":2,"column":28},"end":{"line":2,"column":29}},"loc":{"start":{"line":2,"column":69},"end":{"line":6,"column":1}},"line":2},"1":{"name":"(anonymous_1)","decl":{"start":{"line":3,"column":44},"end":{"line":3,"column":45}},"loc":{"start":{"line":4,"column":4},"end":{"line":4,"column":64}},"line":4},"2":{"name":"(anonymous_2)","decl":{"start":{"line":4,"column":17},"end":{"line":4,"column":18}},"loc":{"start":{"line":4,"column":23},"end":{"line":4,"column":42}},"line":4}},"branchMap":{},"s":{"0":1,"1":0,"2":0,"3":0},"f":{"0":0,"1":0,"2":0},"b":{},"inputSourceMap":null,"_coverageSchema":"1a1c01bbd47fc00a2c39e90264f33305004495a9","hash":"a3f236246dbb9315d1c31eb5be8cecf3a17720ee"},"/Users/elihanover/Documents/dev/001-llama-listener/openai-finetune/lib/dataset/loadDataset.js":{"path":"/Users/elihanover/Documents/dev/001-llama-listener/openai-finetune/lib/dataset/loadDataset.js","statementMap":{"0":{"start":{"line":4,"column":23},"end":{"line":17,"column":1}},"1":{"start":{"line":5,"column":22},"end":{"line":5,"column":50}},"2":{"start":{"line":7,"column":4},"end":{"line":14,"column":5}},"3":{"start":{"line":10,"column":8},"end":{"line":13,"column":68}},"4":{"start":{"line":16,"column":2},"end":{"line":16,"column":41}},"5":{"start":{"line":19,"column":27},"end":{"line":49,"column":1}},"6":{"start":{"line":20,"column":2},"end":{"line":48,"column":3}},"7":{"start":{"line":21,"column":17},"end":{"line":21,"column":49}},"8":{"start":{"line":22,"column":4},"end":{"line":44,"column":39}},"9":{"start":{"line":26,"column":8},"end":{"line":42,"column":9}},"10":{"start":{"line":27,"column":25},"end":{"line":27,"column":41}},"11":{"start":{"line":28,"column":10},"end":{"line":34,"column":11}},"12":{"start":{"line":29,"column":12},"end":{"line":33,"column":14}},"13":{"start":{"line":35,"column":10},"end":{"line":38,"column":12}},"14":{"start":{"line":40,"column":10},"end":{"line":40,"column":75}},"15":{"start":{"line":41,"column":10},"end":{"line":41,"column":22}},"16":{"start":{"line":44,"column":24},"end":{"line":44,"column":37}},"17":{"start":{"line":46,"column":4},"end":{"line":46,"column":59}},"18":{"start":{"line":47,"column":4},"end":{"line":47,"column":14}},"19":{"start":{"line":51,"column":20},"end":{"line":53,"column":1}},"20":{"start":{"line":52,"column":2},"end":{"line":52,"column":67}}},"fnMap":{"0":{"name":"(anonymous_0)","decl":{"start":{"line":4,"column":23},"end":{"line":4,"column":24}},"loc":{"start":{"line":4,"column":33},"end":{"line":17,"column":1}},"line":4},"1":{"name":"(anonymous_1)","decl":{"start":{"line":9,"column":6},"end":{"line":9,"column":7}},"loc":{"start":{"line":10,"column":8},"end":{"line":13,"column":68}},"line":10},"2":{"name":"(anonymous_2)","decl":{"start":{"line":19,"column":27},"end":{"line":19,"column":28}},"loc":{"start":{"line":19,"column":43},"end":{"line":49,"column":1}},"line":19},"3":{"name":"(anonymous_3)","decl":{"start":{"line":25,"column":11},"end":{"line":25,"column":12}},"loc":{"start":{"line":25,"column":28},"end":{"line":43,"column":7}},"line":25},"4":{"name":"(anonymous_4)","decl":{"start":{"line":44,"column":14},"end":{"line":44,"column":15}},"loc":{"start":{"line":44,"column":24},"end":{"line":44,"column":37}},"line":44},"5":{"name":"(anonymous_5)","decl":{"start":{"line":51,"column":20},"end":{"line":51,"column":21}},"loc":{"start":{"line":51,"column":45},"end":{"line":53,"column":1}},"line":51}},"branchMap":{"0":{"loc":{"start":{"line":7,"column":4},"end":{"line":14,"column":5}},"type":"binary-expr","locations":[{"start":{"line":7,"column":4},"end":{"line":7,"column":15}},{"start":{"line":8,"column":4},"end":{"line":14,"column":5}}],"line":7},"1":{"loc":{"start":{"line":10,"column":8},"end":{"line":13,"column":68}},"type":"binary-expr","locations":[{"start":{"line":10,"column":8},"end":{"line":10,"column":31}},{"start":{"line":11,"column":8},"end":{"line":11,"column":58}},{"start":{"line":12,"column":8},"end":{"line":12,"column":39}},{"start":{"line":13,"column":9},"end":{"line":13,"column":33}},{"start":{"line":13,"column":37},"end":{"line":13,"column":67}}],"line":10},"2":{"loc":{"start":{"line":16,"column":9},"end":{"line":16,"column":40}},"type":"binary-expr","locations":[{"start":{"line":16,"column":9},"end":{"line":16,"column":20}},{"start":{"line":16,"column":24},"end":{"line":16,"column":40}}],"line":16},"3":{"loc":{"start":{"line":28,"column":10},"end":{"line":34,"column":11}},"type":"if","locations":[{"start":{"line":28,"column":10},"end":{"line":34,"column":11}},{"start":{},"end":{}}],"line":28},"4":{"loc":{"start":{"line":37,"column":21},"end":{"line":37,"column":40}},"type":"binary-expr","locations":[{"start":{"line":37,"column":21},"end":{"line":37,"column":35}},{"start":{"line":37,"column":39},"end":{"line":37,"column":40}}],"line":37}},"s":{"0":1,"1":0,"2":0,"3":0,"4":0,"5":1,"6":0,"7":0,"8":0,"9":0,"10":0,"11":0,"12":0,"13":0,"14":0,"15":0,"16":0,"17":0,"18":0,"19":1,"20":0},"f":{"0":0,"1":0,"2":0,"3":0,"4":0,"5":0},"b":{"0":[0,0],"1":[0,0,0,0,0],"2":[0,0],"3":[0,0],"4":[0,0]},"inputSourceMap":null,"_coverageSchema":"1a1c01bbd47fc00a2c39e90264f33305004495a9","hash":"b1b80d7de0e50954c44fa2bc829753e8d913cdb1"},"/Users/elihanover/Documents/dev/001-llama-listener/openai-finetune/app/dataset/info/readFile.js":{"path":"/Users/elihanover/Documents/dev/001-llama-listener/openai-finetune/app/dataset/info/readFile.js","statementMap":{"0":{"start":{"line":3,"column":17},"end":{"line":12,"column":1}},"1":{"start":{"line":4,"column":2},"end":{"line":11,"column":3}},"2":{"start":{"line":5,"column":4},"end":{"line":5,"column":48}},"3":{"start":{"line":7,"column":4},"end":{"line":9,"column":5}},"4":{"start":{"line":8,"column":6},"end":{"line":8,"column":40}},"5":{"start":{"line":10,"column":4},"end":{"line":10,"column":16}}},"fnMap":{"0":{"name":"(anonymous_0)","decl":{"start":{"line":3,"column":17},"end":{"line":3,"column":18}},"loc":{"start":{"line":3,"column":37},"end":{"line":12,"column":1}},"line":3}},"branchMap":{"0":{"loc":{"start":{"line":7,"column":4},"end":{"line":9,"column":5}},"type":"if","locations":[{"start":{"line":7,"column":4},"end":{"line":9,"column":5}},{"start":{},"end":{}}],"line":7}},"s":{"0":3,"1":0,"2":0,"3":0,"4":0,"5":0},"f":{"0":0},"b":{"0":[0,0]},"inputSourceMap":null,"_coverageSchema":"1a1c01bbd47fc00a2c39e90264f33305004495a9","hash":"322bf2f33e98dd0ef762c3bce6d68228a2c9b4b5"},"/Users/elihanover/Documents/dev/001-llama-listener/openai-finetune/app/dataset/info/parseFileContent.js":{"path":"/Users/elihanover/Documents/dev/001-llama-listener/openai-finetune/app/dataset/info/parseFileContent.js","statementMap":{"0":{"start":{"line":3,"column":25},"end":{"line":7,"column":23}},"1":{"start":{"line":4,"column":2},"end":{"line":7,"column":23}},"2":{"start":{"line":6,"column":22},"end":{"line":6,"column":33}}},"fnMap":{"0":{"name":"(anonymous_0)","decl":{"start":{"line":3,"column":25},"end":{"line":3,"column":26}},"loc":{"start":{"line":4,"column":2},"end":{"line":7,"column":23}},"line":4},"1":{"name":"(anonymous_1)","decl":{"start":{"line":6,"column":12},"end":{"line":6,"column":13}},"loc":{"start":{"line":6,"column":22},"end":{"line":6,"column":33}},"line":6}},"branchMap":{},"s":{"0":3,"1":0,"2":0},"f":{"0":0,"1":0},"b":{},"inputSourceMap":null,"_coverageSchema":"1a1c01bbd47fc00a2c39e90264f33305004495a9","hash":"c6d314667a35039c7a284d2b4a451079da81b12c"},"/Users/elihanover/Documents/dev/001-llama-listener/openai-finetune/app/dataset/info/filterValidEntries.js":{"path":"/Users/elihanover/Documents/dev/001-llama-listener/openai-finetune/app/dataset/info/filterValidEntries.js","statementMap":{"0":{"start":{"line":1,"column":27},"end":{"line":2,"column":43}},"1":{"start":{"line":2,"column":2},"end":{"line":2,"column":43}},"2":{"start":{"line":2,"column":28},"end":{"line":2,"column":42}}},"fnMap":{"0":{"name":"(anonymous_0)","decl":{"start":{"line":1,"column":27},"end":{"line":1,"column":28}},"loc":{"start":{"line":2,"column":2},"end":{"line":2,"column":43}},"line":2},"1":{"name":"(anonymous_1)","decl":{"start":{"line":2,"column":17},"end":{"line":2,"column":18}},"loc":{"start":{"line":2,"column":28},"end":{"line":2,"column":42}},"line":2}},"branchMap":{},"s":{"0":3,"1":3,"2":11},"f":{"0":3,"1":11},"b":{},"inputSourceMap":null,"_coverageSchema":"1a1c01bbd47fc00a2c39e90264f33305004495a9","hash":"2791d601462075e8bb020f98f7801397f40edb13"},"/Users/elihanover/Documents/dev/001-llama-listener/openai-finetune/app/dataset/info/loadData.js":{"path":"/Users/elihanover/Documents/dev/001-llama-listener/openai-finetune/app/dataset/info/loadData.js","statementMap":{"0":{"start":{"line":5,"column":17},"end":{"line":12,"column":1}},"1":{"start":{"line":6,"column":2},"end":{"line":11,"column":3}},"2":{"start":{"line":7,"column":20},"end":{"line":7,"column":44}},"3":{"start":{"line":8,"column":4},"end":{"line":8,"column":57}},"4":{"start":{"line":10,"column":4},"end":{"line":10,"column":64}}},"fnMap":{"0":{"name":"(anonymous_0)","decl":{"start":{"line":5,"column":17},"end":{"line":5,"column":18}},"loc":{"start":{"line":5,"column":37},"end":{"line":12,"column":1}},"line":5}},"branchMap":{"0":{"loc":{"start":{"line":10,"column":11},"end":{"line":10,"column":63}},"type":"cond-expr","locations":[{"start":{"line":10,"column":37},"end":{"line":10,"column":39}},{"start":{"line":10,"column":42},"end":{"line":10,"column":63}}],"line":10}},"s":{"0":2,"1":0,"2":0,"3":0,"4":0},"f":{"0":0},"b":{"0":[0,0]},"inputSourceMap":null,"_coverageSchema":"1a1c01bbd47fc00a2c39e90264f33305004495a9","hash":"93b05d93ea7f8aaf60fc646ee061db0bfec44213"},"/Users/elihanover/Documents/dev/001-llama-listener/openai-finetune/app/dataset/info/constants.js":{"path":"/Users/elihanover/Documents/dev/001-llama-listener/openai-finetune/app/dataset/info/constants.js","statementMap":{"0":{"start":{"line":1,"column":31},"end":{"line":1,"column":66}},"1":{"start":{"line":2,"column":29},"end":{"line":2,"column":62}}},"fnMap":{},"branchMap":{},"s":{"0":1,"1":1},"f":{},"b":{},"inputSourceMap":null,"_coverageSchema":"1a1c01bbd47fc00a2c39e90264f33305004495a9","hash":"0c7e97e3b4d46ebb694865503c10503886472d92"},"/Users/elihanover/Documents/dev/001-llama-listener/openai-finetune/app/dataset/info/getDatasetInfo.js":{"path":"/Users/elihanover/Documents/dev/001-llama-listener/openai-finetune/app/dataset/info/getDatasetInfo.js","statementMap":{"0":{"start":{"line":5,"column":23},"end":{"line":16,"column":1}},"1":{"start":{"line":6,"column":18},"end":{"line":6,"column":56}},"2":{"start":{"line":7,"column":25},"end":{"line":7,"column":56}},"3":{"start":{"line":8,"column":23},"end":{"line":8,"column":52}},"4":{"start":{"line":9,"column":2},"end":{"line":9,"column":42}},"5":{"start":{"line":11,"column":2},"end":{"line":15,"column":4}}},"fnMap":{"0":{"name":"(anonymous_0)","decl":{"start":{"line":5,"column":23},"end":{"line":5,"column":24}},"loc":{"start":{"line":5,"column":35},"end":{"line":16,"column":1}},"line":5}},"branchMap":{},"s":{"0":1,"1":0,"2":0,"3":0,"4":0,"5":0},"f":{"0":0},"b":{},"inputSourceMap":null,"_coverageSchema":"1a1c01bbd47fc00a2c39e90264f33305004495a9","hash":"2de5b8ed34f1ef3bc4a1c56d362622e08f0198b8"},"/Users/elihanover/Documents/dev/001-llama-listener/openai-finetune/app/dataset/info/formatInfoLine.js":{"path":"/Users/elihanover/Documents/dev/001-llama-listener/openai-finetune/app/dataset/info/formatInfoLine.js","statementMap":{"0":{"start":{"line":3,"column":23},"end":{"line":7,"column":17}},"1":{"start":{"line":4,"column":2},"end":{"line":7,"column":17}}},"fnMap":{"0":{"name":"(anonymous_0)","decl":{"start":{"line":3,"column":23},"end":{"line":3,"column":24}},"loc":{"start":{"line":4,"column":2},"end":{"line":7,"column":17}},"line":4}},"branchMap":{},"s":{"0":1,"1":3},"f":{"0":3},"b":{},"inputSourceMap":null,"_coverageSchema":"1a1c01bbd47fc00a2c39e90264f33305004495a9","hash":"0912bac8418697cfe3c43b369a6196fbfabe1eea"},"/Users/elihanover/Documents/dev/001-llama-listener/openai-finetune/app/dataset/info/createProgressBar.js":{"path":"/Users/elihanover/Documents/dev/001-llama-listener/openai-finetune/app/dataset/info/createProgressBar.js","statementMap":{"0":{"start":{"line":1,"column":26},"end":{"line":2,"column":53}},"1":{"start":{"line":2,"column":2},"end":{"line":2,"column":53}}},"fnMap":{"0":{"name":"(anonymous_0)","decl":{"start":{"line":1,"column":26},"end":{"line":1,"column":27}},"loc":{"start":{"line":2,"column":2},"end":{"line":2,"column":53}},"line":2}},"branchMap":{},"s":{"0":1,"1":3},"f":{"0":3},"b":{},"inputSourceMap":null,"_coverageSchema":"1a1c01bbd47fc00a2c39e90264f33305004495a9","hash":"d887a03c19814f39cd1b45a39b93d53490fbfe55"}}}
