{"/Users/elihanover/Documents/dev/001-llama-listener/openai-finetune/app/dataset/info/constants.js": {"path":"/Users/elihanover/Documents/dev/001-llama-listener/openai-finetune/app/dataset/info/constants.js","statementMap":{"0":{"start":{"line":1,"column":31},"end":{"line":1,"column":66}},"1":{"start":{"line":2,"column":29},"end":{"line":2,"column":62}}},"fnMap":{},"branchMap":{},"s":{"0":1,"1":1},"f":{},"b":{},"inputSourceMap":null,"_coverageSchema":"1a1c01bbd47fc00a2c39e90264f33305004495a9","hash":"0c7e97e3b4d46ebb694865503c10503886472d92"}
,"/Users/elihanover/Documents/dev/001-llama-listener/openai-finetune/app/dataset/info/createColorGradient.js": {"path":"/Users/elihanover/Documents/dev/001-llama-listener/openai-finetune/app/dataset/info/createColorGradient.js","statementMap":{"0":{"start":{"line":3,"column":28},"end":{"line":7,"column":15}},"1":{"start":{"line":4,"column":2},"end":{"line":7,"column":15}},"2":{"start":{"line":6,"column":26},"end":{"line":6,"column":68}}},"fnMap":{"0":{"name":"(anonymous_0)","decl":{"start":{"line":3,"column":28},"end":{"line":3,"column":29}},"loc":{"start":{"line":4,"column":2},"end":{"line":7,"column":15}},"line":4},"1":{"name":"(anonymous_1)","decl":{"start":{"line":6,"column":9},"end":{"line":6,"column":10}},"loc":{"start":{"line":6,"column":26},"end":{"line":6,"column":68}},"line":6}},"branchMap":{},"s":{"0":1,"1":3,"2":8},"f":{"0":3,"1":8},"b":{},"inputSourceMap":null,"_coverageSchema":"1a1c01bbd47fc00a2c39e90264f33305004495a9","hash":"aa9c1dafd1762a5de0ba1b77d2be3ca05157ec3c"}
,"/Users/elihanover/Documents/dev/001-llama-listener/openai-finetune/app/dataset/info/createProgressBar.js": {"path":"/Users/elihanover/Documents/dev/001-llama-listener/openai-finetune/app/dataset/info/createProgressBar.js","statementMap":{"0":{"start":{"line":1,"column":26},"end":{"line":2,"column":53}},"1":{"start":{"line":2,"column":2},"end":{"line":2,"column":53}}},"fnMap":{"0":{"name":"(anonymous_0)","decl":{"start":{"line":1,"column":26},"end":{"line":1,"column":27}},"loc":{"start":{"line":2,"column":2},"end":{"line":2,"column":53}},"line":2}},"branchMap":{},"s":{"0":1,"1":3},"f":{"0":3},"b":{},"inputSourceMap":null,"_coverageSchema":"1a1c01bbd47fc00a2c39e90264f33305004495a9","hash":"d887a03c19814f39cd1b45a39b93d53490fbfe55"}
,"/Users/elihanover/Documents/dev/001-llama-listener/openai-finetune/app/dataset/info/filterValidEntries.js": {"path":"/Users/elihanover/Documents/dev/001-llama-listener/openai-finetune/app/dataset/info/filterValidEntries.js","statementMap":{"0":{"start":{"line":1,"column":27},"end":{"line":2,"column":43}},"1":{"start":{"line":2,"column":2},"end":{"line":2,"column":43}},"2":{"start":{"line":2,"column":28},"end":{"line":2,"column":42}}},"fnMap":{"0":{"name":"(anonymous_0)","decl":{"start":{"line":1,"column":27},"end":{"line":1,"column":28}},"loc":{"start":{"line":2,"column":2},"end":{"line":2,"column":43}},"line":2},"1":{"name":"(anonymous_1)","decl":{"start":{"line":2,"column":17},"end":{"line":2,"column":18}},"loc":{"start":{"line":2,"column":28},"end":{"line":2,"column":42}},"line":2}},"branchMap":{},"s":{"0":3,"1":3,"2":11},"f":{"0":3,"1":11},"b":{},"inputSourceMap":null,"_coverageSchema":"1a1c01bbd47fc00a2c39e90264f33305004495a9","hash":"2791d601462075e8bb020f98f7801397f40edb13"}
,"/Users/elihanover/Documents/dev/001-llama-listener/openai-finetune/app/dataset/info/formatInfoLine.js": {"path":"/Users/elihanover/Documents/dev/001-llama-listener/openai-finetune/app/dataset/info/formatInfoLine.js","statementMap":{"0":{"start":{"line":3,"column":23},"end":{"line":7,"column":17}},"1":{"start":{"line":4,"column":2},"end":{"line":7,"column":17}}},"fnMap":{"0":{"name":"(anonymous_0)","decl":{"start":{"line":3,"column":23},"end":{"line":3,"column":24}},"loc":{"start":{"line":4,"column":2},"end":{"line":7,"column":17}},"line":4}},"branchMap":{},"s":{"0":1,"1":3},"f":{"0":3},"b":{},"inputSourceMap":null,"_coverageSchema":"1a1c01bbd47fc00a2c39e90264f33305004495a9","hash":"0912bac8418697cfe3c43b369a6196fbfabe1eea"}
,"/Users/elihanover/Documents/dev/001-llama-listener/openai-finetune/app/dataset/info/getDatasetInfo.js": {"path":"/Users/elihanover/Documents/dev/001-llama-listener/openai-finetune/app/dataset/info/getDatasetInfo.js","statementMap":{"0":{"start":{"line":5,"column":23},"end":{"line":16,"column":1}},"1":{"start":{"line":6,"column":18},"end":{"line":6,"column":56}},"2":{"start":{"line":7,"column":25},"end":{"line":7,"column":56}},"3":{"start":{"line":8,"column":23},"end":{"line":8,"column":52}},"4":{"start":{"line":9,"column":2},"end":{"line":9,"column":42}},"5":{"start":{"line":11,"column":2},"end":{"line":15,"column":4}}},"fnMap":{"0":{"name":"(anonymous_0)","decl":{"start":{"line":5,"column":23},"end":{"line":5,"column":24}},"loc":{"start":{"line":5,"column":35},"end":{"line":16,"column":1}},"line":5}},"branchMap":{},"s":{"0":1,"1":0,"2":0,"3":0,"4":0,"5":0},"f":{"0":0},"b":{},"inputSourceMap":null,"_coverageSchema":"1a1c01bbd47fc00a2c39e90264f33305004495a9","hash":"2de5b8ed34f1ef3bc4a1c56d362622e08f0198b8"}
,"/Users/elihanover/Documents/dev/001-llama-listener/openai-finetune/app/dataset/info/loadData.js": {"path":"/Users/elihanover/Documents/dev/001-llama-listener/openai-finetune/app/dataset/info/loadData.js","statementMap":{"0":{"start":{"line":5,"column":17},"end":{"line":12,"column":1}},"1":{"start":{"line":6,"column":2},"end":{"line":11,"column":3}},"2":{"start":{"line":7,"column":20},"end":{"line":7,"column":44}},"3":{"start":{"line":8,"column":4},"end":{"line":8,"column":57}},"4":{"start":{"line":10,"column":4},"end":{"line":10,"column":64}}},"fnMap":{"0":{"name":"(anonymous_0)","decl":{"start":{"line":5,"column":17},"end":{"line":5,"column":18}},"loc":{"start":{"line":5,"column":37},"end":{"line":12,"column":1}},"line":5}},"branchMap":{"0":{"loc":{"start":{"line":10,"column":11},"end":{"line":10,"column":63}},"type":"cond-expr","locations":[{"start":{"line":10,"column":37},"end":{"line":10,"column":39}},{"start":{"line":10,"column":42},"end":{"line":10,"column":63}}],"line":10}},"s":{"0":2,"1":0,"2":0,"3":0,"4":0},"f":{"0":0},"b":{"0":[0,0]},"inputSourceMap":null,"_coverageSchema":"1a1c01bbd47fc00a2c39e90264f33305004495a9","hash":"93b05d93ea7f8aaf60fc646ee061db0bfec44213"}
,"/Users/elihanover/Documents/dev/001-llama-listener/openai-finetune/app/dataset/info/parseFileContent.js": {"path":"/Users/elihanover/Documents/dev/001-llama-listener/openai-finetune/app/dataset/info/parseFileContent.js","statementMap":{"0":{"start":{"line":3,"column":25},"end":{"line":7,"column":23}},"1":{"start":{"line":4,"column":2},"end":{"line":7,"column":23}},"2":{"start":{"line":6,"column":22},"end":{"line":6,"column":33}}},"fnMap":{"0":{"name":"(anonymous_0)","decl":{"start":{"line":3,"column":25},"end":{"line":3,"column":26}},"loc":{"start":{"line":4,"column":2},"end":{"line":7,"column":23}},"line":4},"1":{"name":"(anonymous_1)","decl":{"start":{"line":6,"column":12},"end":{"line":6,"column":13}},"loc":{"start":{"line":6,"column":22},"end":{"line":6,"column":33}},"line":6}},"branchMap":{},"s":{"0":3,"1":0,"2":0},"f":{"0":0,"1":0},"b":{},"inputSourceMap":null,"_coverageSchema":"1a1c01bbd47fc00a2c39e90264f33305004495a9","hash":"c6d314667a35039c7a284d2b4a451079da81b12c"}
,"/Users/elihanover/Documents/dev/001-llama-listener/openai-finetune/app/dataset/info/parseJsonLine.js": {"path":"/Users/elihanover/Documents/dev/001-llama-listener/openai-finetune/app/dataset/info/parseJsonLine.js","statementMap":{"0":{"start":{"line":4,"column":22},"end":{"line":11,"column":1}},"1":{"start":{"line":5,"column":2},"end":{"line":10,"column":3}},"2":{"start":{"line":6,"column":4},"end":{"line":6,"column":47}},"3":{"start":{"line":8,"column":4},"end":{"line":8,"column":55}},"4":{"start":{"line":9,"column":4},"end":{"line":9,"column":16}}},"fnMap":{"0":{"name":"(anonymous_0)","decl":{"start":{"line":4,"column":22},"end":{"line":4,"column":23}},"loc":{"start":{"line":4,"column":32},"end":{"line":11,"column":1}},"line":4}},"branchMap":{},"s":{"0":4,"1":0,"2":0,"3":0,"4":0},"f":{"0":0},"b":{},"inputSourceMap":null,"_coverageSchema":"1a1c01bbd47fc00a2c39e90264f33305004495a9","hash":"5c4d80ebc3b521524f406b853742c393d8f91d7d"}
,"/Users/elihanover/Documents/dev/001-llama-listener/openai-finetune/app/dataset/info/readFile.js": {"path":"/Users/elihanover/Documents/dev/001-llama-listener/openai-finetune/app/dataset/info/readFile.js","statementMap":{"0":{"start":{"line":3,"column":17},"end":{"line":12,"column":1}},"1":{"start":{"line":4,"column":2},"end":{"line":11,"column":3}},"2":{"start":{"line":5,"column":4},"end":{"line":5,"column":48}},"3":{"start":{"line":7,"column":4},"end":{"line":9,"column":5}},"4":{"start":{"line":8,"column":6},"end":{"line":8,"column":40}},"5":{"start":{"line":10,"column":4},"end":{"line":10,"column":16}}},"fnMap":{"0":{"name":"(anonymous_0)","decl":{"start":{"line":3,"column":17},"end":{"line":3,"column":18}},"loc":{"start":{"line":3,"column":37},"end":{"line":12,"column":1}},"line":3}},"branchMap":{"0":{"loc":{"start":{"line":7,"column":4},"end":{"line":9,"column":5}},"type":"if","locations":[{"start":{"line":7,"column":4},"end":{"line":9,"column":5}},{"start":{},"end":{}}],"line":7}},"s":{"0":3,"1":0,"2":0,"3":0,"4":0,"5":0},"f":{"0":0},"b":{"0":[0,0]},"inputSourceMap":null,"_coverageSchema":"1a1c01bbd47fc00a2c39e90264f33305004495a9","hash":"322bf2f33e98dd0ef762c3bce6d68228a2c9b4b5"}
,"/Users/elihanover/Documents/dev/001-llama-listener/openai-finetune/lib/dataset/createRandomSubsets.js": {"path":"/Users/elihanover/Documents/dev/001-llama-listener/openai-finetune/lib/dataset/createRandomSubsets.js","statementMap":{"0":{"start":{"line":2,"column":28},"end":{"line":6,"column":1}},"1":{"start":{"line":3,"column":2},"end":{"line":5,"column":4}},"2":{"start":{"line":4,"column":4},"end":{"line":4,"column":64}},"3":{"start":{"line":4,"column":23},"end":{"line":4,"column":42}}},"fnMap":{"0":{"name":"(anonymous_0)","decl":{"start":{"line":2,"column":28},"end":{"line":2,"column":29}},"loc":{"start":{"line":2,"column":69},"end":{"line":6,"column":1}},"line":2},"1":{"name":"(anonymous_1)","decl":{"start":{"line":3,"column":44},"end":{"line":3,"column":45}},"loc":{"start":{"line":4,"column":4},"end":{"line":4,"column":64}},"line":4},"2":{"name":"(anonymous_2)","decl":{"start":{"line":4,"column":17},"end":{"line":4,"column":18}},"loc":{"start":{"line":4,"column":23},"end":{"line":4,"column":42}},"line":4}},"branchMap":{},"s":{"0":1,"1":0,"2":0,"3":0},"f":{"0":0,"1":0,"2":0},"b":{},"inputSourceMap":null,"_coverageSchema":"1a1c01bbd47fc00a2c39e90264f33305004495a9","hash":"a3f236246dbb9315d1c31eb5be8cecf3a17720ee"}
,"/Users/elihanover/Documents/dev/001-llama-listener/openai-finetune/lib/dataset/loadDataset.js": {"path":"/Users/elihanover/Documents/dev/001-llama-listener/openai-finetune/lib/dataset/loadDataset.js","statementMap":{"0":{"start":{"line":4,"column":23},"end":{"line":17,"column":1}},"1":{"start":{"line":5,"column":22},"end":{"line":5,"column":50}},"2":{"start":{"line":7,"column":4},"end":{"line":14,"column":5}},"3":{"start":{"line":10,"column":8},"end":{"line":13,"column":68}},"4":{"start":{"line":16,"column":2},"end":{"line":16,"column":41}},"5":{"start":{"line":19,"column":27},"end":{"line":49,"column":1}},"6":{"start":{"line":20,"column":2},"end":{"line":48,"column":3}},"7":{"start":{"line":21,"column":17},"end":{"line":21,"column":49}},"8":{"start":{"line":22,"column":4},"end":{"line":44,"column":39}},"9":{"start":{"line":26,"column":8},"end":{"line":42,"column":9}},"10":{"start":{"line":27,"column":25},"end":{"line":27,"column":41}},"11":{"start":{"line":28,"column":10},"end":{"line":34,"column":11}},"12":{"start":{"line":29,"column":12},"end":{"line":33,"column":14}},"13":{"start":{"line":35,"column":10},"end":{"line":38,"column":12}},"14":{"start":{"line":40,"column":10},"end":{"line":40,"column":75}},"15":{"start":{"line":41,"column":10},"end":{"line":41,"column":22}},"16":{"start":{"line":44,"column":24},"end":{"line":44,"column":37}},"17":{"start":{"line":46,"column":4},"end":{"line":46,"column":59}},"18":{"start":{"line":47,"column":4},"end":{"line":47,"column":14}},"19":{"start":{"line":51,"column":20},"end":{"line":53,"column":1}},"20":{"start":{"line":52,"column":2},"end":{"line":52,"column":67}}},"fnMap":{"0":{"name":"(anonymous_0)","decl":{"start":{"line":4,"column":23},"end":{"line":4,"column":24}},"loc":{"start":{"line":4,"column":33},"end":{"line":17,"column":1}},"line":4},"1":{"name":"(anonymous_1)","decl":{"start":{"line":9,"column":6},"end":{"line":9,"column":7}},"loc":{"start":{"line":10,"column":8},"end":{"line":13,"column":68}},"line":10},"2":{"name":"(anonymous_2)","decl":{"start":{"line":19,"column":27},"end":{"line":19,"column":28}},"loc":{"start":{"line":19,"column":43},"end":{"line":49,"column":1}},"line":19},"3":{"name":"(anonymous_3)","decl":{"start":{"line":25,"column":11},"end":{"line":25,"column":12}},"loc":{"start":{"line":25,"column":28},"end":{"line":43,"column":7}},"line":25},"4":{"name":"(anonymous_4)","decl":{"start":{"line":44,"column":14},"end":{"line":44,"column":15}},"loc":{"start":{"line":44,"column":24},"end":{"line":44,"column":37}},"line":44},"5":{"name":"(anonymous_5)","decl":{"start":{"line":51,"column":20},"end":{"line":51,"column":21}},"loc":{"start":{"line":51,"column":45},"end":{"line":53,"column":1}},"line":51}},"branchMap":{"0":{"loc":{"start":{"line":7,"column":4},"end":{"line":14,"column":5}},"type":"binary-expr","locations":[{"start":{"line":7,"column":4},"end":{"line":7,"column":15}},{"start":{"line":8,"column":4},"end":{"line":14,"column":5}}],"line":7},"1":{"loc":{"start":{"line":10,"column":8},"end":{"line":13,"column":68}},"type":"binary-expr","locations":[{"start":{"line":10,"column":8},"end":{"line":10,"column":31}},{"start":{"line":11,"column":8},"end":{"line":11,"column":58}},{"start":{"line":12,"column":8},"end":{"line":12,"column":39}},{"start":{"line":13,"column":9},"end":{"line":13,"column":33}},{"start":{"line":13,"column":37},"end":{"line":13,"column":67}}],"line":10},"2":{"loc":{"start":{"line":16,"column":9},"end":{"line":16,"column":40}},"type":"binary-expr","locations":[{"start":{"line":16,"column":9},"end":{"line":16,"column":20}},{"start":{"line":16,"column":24},"end":{"line":16,"column":40}}],"line":16},"3":{"loc":{"start":{"line":28,"column":10},"end":{"line":34,"column":11}},"type":"if","locations":[{"start":{"line":28,"column":10},"end":{"line":34,"column":11}},{"start":{},"end":{}}],"line":28},"4":{"loc":{"start":{"line":37,"column":21},"end":{"line":37,"column":40}},"type":"binary-expr","locations":[{"start":{"line":37,"column":21},"end":{"line":37,"column":35}},{"start":{"line":37,"column":39},"end":{"line":37,"column":40}}],"line":37}},"s":{"0":1,"1":0,"2":0,"3":0,"4":0,"5":1,"6":0,"7":0,"8":0,"9":0,"10":0,"11":0,"12":0,"13":0,"14":0,"15":0,"16":0,"17":0,"18":0,"19":1,"20":0},"f":{"0":0,"1":0,"2":0,"3":0,"4":0,"5":0},"b":{"0":[0,0],"1":[0,0,0,0,0],"2":[0,0],"3":[0,0],"4":[0,0]},"inputSourceMap":null,"_coverageSchema":"1a1c01bbd47fc00a2c39e90264f33305004495a9","hash":"b1b80d7de0e50954c44fa2bc829753e8d913cdb1"}
,"/Users/elihanover/Documents/dev/001-llama-listener/openai-finetune/lib/schema/datasetSchema.js": {"path":"/Users/elihanover/Documents/dev/001-llama-listener/openai-finetune/lib/schema/datasetSchema.js","statementMap":{"0":{"start":{"line":3,"column":29},"end":{"line":7,"column":2}},"1":{"start":{"line":9,"column":27},"end":{"line":21,"column":2}},"2":{"start":{"line":14,"column":8},"end":{"line":16,"column":40}}},"fnMap":{"0":{"name":"(anonymous_0)","decl":{"start":{"line":13,"column":6},"end":{"line":13,"column":7}},"loc":{"start":{"line":14,"column":8},"end":{"line":16,"column":40}},"line":14}},"branchMap":{"0":{"loc":{"start":{"line":14,"column":8},"end":{"line":16,"column":40}},"type":"binary-expr","locations":[{"start":{"line":14,"column":8},"end":{"line":14,"column":37}},{"start":{"line":15,"column":8},"end":{"line":15,"column":35}},{"start":{"line":16,"column":8},"end":{"line":16,"column":40}}],"line":14}},"s":{"0":4,"1":4,"2":0},"f":{"0":0},"b":{"0":[0,0,0]},"inputSourceMap":null,"_coverageSchema":"1a1c01bbd47fc00a2c39e90264f33305004495a9","hash":"11cd55e0e1dc25f3f619fc4d53b1ea280ca631a8"}
}
